    ----------------------------------------------
    -                                            -
    -               PROGRAM MolSOC               -
    -                Version 0.1                 -
    -          AUTHOR: Sandro G. Chiodo          -
    -                                            -
    ----------------------------------------------


 *** 25 Nov 2020 - 13:34:47 ***

 *** SPIN-ORBIT CALCULATIONS ***

 GEOMETRY IN ANGSTROM
 RESTRICTED MOs
 COEFFICIENTS OF SPHERICAL MOs
 ONE-ELECTRON SOC CALCULATIONS WITH Z_eff
 DIPOLE MOMENT COMPONENTS

 MOLECULAR CHARGE                 =     0
 MULTIPLICITY OF THE FIRST STATE  =     0
 MULTIPLICITY OF THE SECOND STATE =     0
 NUMBER OF ELECTRONS              =    16


 GEOMETRY IN ANGSTROM

 ATOM          X           Y           Z      Z_A   Z_eff

  C       -0.131830    0.000000   -0.000290   6.0   3.013
  O        1.065290    0.000000    0.000090   8.0   5.018
  H       -0.718440    0.939710    0.000100   1.0   1.000
  H       -0.718440   -0.939710    0.000140   1.0   1.000

 GEOMETRY IN BOHR

 ATOM          X           Y           Z      Z_A   Z_eff

  C       -0.249123    0.000000   -0.000548   6.0   3.013
  O        2.013106    0.000000    0.000170   8.0   5.018
  H       -1.357655    1.775794    0.000189   1.0   1.000
  H       -1.357655   -1.775794    0.000265   1.0   1.000


 NUMBER OF ATOMS                  =      4
 NUMBER OF SHELLS                 =     26
 NUMBER OF GTFs                   =     48
 NUMBER OF STOs                   =     52


 BASIS SET

 C 
     1    0    6    1
         13575.349680000         0.000606460
          2035.233368000         0.004697898
           463.225623600         0.024332473
           131.200196000         0.097399956
            42.853015890         0.301955844
            15.584185770         0.662336101
     1    0    2    1
             6.206713850         0.655953080
             2.576489650         0.375856339
     1    0    1    1
             0.576963390         1.000000000
     1    0    1    1
             0.229728310         1.000000000
     1    0    1    1
             0.095164440         1.000000000
     1    1    4    3
            34.697232240         0.011327229
             7.958262280         0.076169661
             2.378082690         0.301922515
             0.814332080         0.727850278
     1    1    1    3
             0.288875470         1.000000000
     1    1    1    3
             0.100568240         1.000000000
     1    2    1    6
             0.800000000         1.000000000
 O 
     2    0    6    1
         27032.382630000         0.000572265
          4052.387139000         0.004435333
           922.327227100         0.023020103
           261.240709900         0.092822494
            85.354641350         0.293784997
            31.035035240         0.674016046
     2    0    2    1
            12.260860730         0.638399375
             4.998707600         0.395345866
     2    0    1    1
             1.170310820         1.000000000
     2    0    1    1
             0.464747410         1.000000000
     2    0    1    1
             0.185045360         1.000000000
     2    1    4    3
            63.274954800         0.012018332
            14.627049380         0.083005430
             4.450122350         0.319917439
             1.527579960         0.707155426
     2    1    1    3
             0.529351180         1.000000000
     2    1    1    3
             0.174784210         1.000000000
     2    2    1    6
             1.200000000         1.000000000
 H 
     3    0    3    1
            34.061341000         0.025439307
             5.123574600         0.190085949
             1.164662600         0.852441130
     3    0    1    1
             0.327230410         1.000000000
     3    0    1    1
             0.103072410         1.000000000
     3    1    1    3
             0.800000000         1.000000000
 H 
     4    0    3    1
            34.061341000         0.025439307
             5.123574600         0.190085949
             1.164662600         0.852441130
     4    0    1    1
             0.327230410         1.000000000
     4    0    1    1
             0.103072410         1.000000000
     4    1    1    3
             0.800000000         1.000000000


 ONE-ELECTRON SOC INTEGRALS CALCULATED IN    0.001762 SEC.

 *** 25 Nov 2020 - 13:34:47 ***
