QM_code gauss_tddft
open file gaussian.log
[[1, 3.351], [3, 5.6721], [4, 8.0749], [5, 8.1309], [8, 9.3176]]
2 4.0272
['ANG', 'Zeff', 'DIP']
ao_basis [['S', 1], ['S', 1], ['S', 1], ['S', 1], ['S', 1], ['P', 3], ['P', 3], ['P', 3], ['D', 6], ['S', 1], ['S', 1], ['S', 1], ['S', 1], ['S', 1], ['P', 3], ['P', 3], ['P', 3], ['D', 6], ['S', 1], ['S', 1], ['S', 1], ['P', 3], ['S', 1], ['S', 1], ['S', 1], ['P', 3]]
n_basis 52
hello1
hello2
open file gaussian.rwf
MOA_coeffs 524R
AO_overlap 514R
XY_coeffs 635R
MOB_coeffs 526R
MO_energy 522R
['0.28283610D+02', '0.50826499D+02']
['0.00000000D+00', '0.00000000D+00', '0.10000000D+01']
e_s [4.0272, 8.4726, 9.2789, 9.5754]
e_t [3.351, 5.6721, 8.0749, 8.1309]
total order for the roots: [2, 6, 7, 9, 1, 3, 4, 5]
40
['0.40077368D-04', '0.42112062D-03', '0.23218588D-05', '0.26221445D-05']
4224 4224
8448
[4.0272, 8.4726, 9.2789, 9.5754]
[2, 6, 7, 9]
[3.351, 5.6721, 8.0749, 8.1309]
[1, 3, 4, 5]
[52, 6, 44]
len(soint) 8112
 input   3.35100000000000        5.67210000000000        8.07490000000000     
   8.13090000000000     
 root_s           1           2           3           4           2           6
           7           9
 root_t           1           2           3           4           1           3
           4           5
 soc  0.000000000000000E+000  0.000000000000000E+000  0.000000000000000E+000
 -4.811820000000000E-004  8.000000000000000E-009
 soc_size        8112
 soc_ao_last -1.026760000000000E-004
 x+y(a),x+y(b)  6.303208800000001E-008  6.303209199999999E-008
 xpy  6.303208800000001E-008 -6.959814000000000E-013
 xmy -1.420973100000000E-008 -3.276972800000000E-012
 xpy*xpy from output  0.927266662598388     
 xpy*xpy normlized   1.00000000000000     
 nroot=           1 norm_coeff=  0.999999995576261     
 x+y(a),x+y(b)  6.545749341557039E-008  6.545749756948598E-008
 xpy*xpy from output  0.993851596996372     
 xpy*xpy normlized   1.00000000000000     
 nroot=           2 norm_coeff=  0.999999999799654     
 x+y(a),x+y(b)  6.655371900356034E-010  6.655365982134175E-010
 xpy*xpy from output  0.945461626630917     
 xpy*xpy normlized   1.00000000000000     
 nroot=           3 norm_coeff=  0.999999995271313     
 x+y(a),x+y(b) -4.831654337288540E-002 -4.831654337288540E-002
 xpy*xpy from output  0.994580993078596     
 xpy*xpy normlized   1.00000000000000     
 nroot=           4 norm_coeff=  0.999999998510831     
 x+y(a),x+y(b) -1.031455929875001E-008 -1.031455929875001E-008
 xpy*xpy from output   1.11820573293488     
 xpy*xpy normlized   1.00000000000000     
 nroot=           5 norm_coeff=   1.00000000177339     
 x+y(a),x+y(b) -3.444225430963905E-008  3.444225430963905E-008
 xpy*xpy from output   1.42493157187883     
 xpy*xpy normlized   1.00000000000000     
 nroot=           6 norm_coeff=  0.999999997039326     
 x+y(a),x+y(b) -2.226541106412638E-005  2.226541106412638E-005
 xpy*xpy from output   1.04293265995288     
 xpy*xpy normlized   1.00000000000000     
 nroot=           7 norm_coeff=  0.999999997683263     
 x+y(a),x+y(b) -1.662588579372000E-009  1.662588579372000E-009
 xpy*xpy from output   1.07914164854920     
 xpy*xpy normlized   1.00000000000000     
 nroot=           8 norm_coeff=  0.999999995761247     
 x+y(a),x+y(b) -5.560639670407855E-003  5.560639670407855E-003
 ci_size        8448
 mo_coeff_i -5.663660300000000E-002
 mo_coeff_i -2.623137100000000E-006
 hello0
 hello1
 input%num_bov(1),ndim1          52          50
 hello1, norm_mo.f90
 hello2, norm_mo.f90
 hello3, norm_mo.f90
 overlap_ao_diag   1.00000000000000        1.00000000000000     
 overlap_ao_offdiag  0.685598766000000       0.685598766000000     
 overlap_mo_diag  0.999998772885247        1.00000006575934     
 overlap_mo_offdiag -7.299599178309332E-007 -7.299599176340199E-007
 input%num_bov(1), ndim1          52          50
 mo_coeff1 -2.623137100000000E-006
 mo_coeff2 -3.204482000000000E-007
 mo_coeff3 -5.663660300000000E-002
 mo_coeff4 -0.117863350000000     
 aoint_temp_diag  0.000000000000000E+000
 aoint_temp_symm  -1.55093193700000        1.55093193700000     
 aoint_temp_size          52        2704
 soc_moint_diag  3.217732582831278E-022 -2.710505431213761E-019
 soc_moint_size          50        2500
 soc_moint_symm -2.248138068099205E-010  2.248138068096822E-010
 aoint_temp_diag  0.000000000000000E+000
 aoint_temp_symm -0.273989347000000       0.273989347000000     
 aoint_temp_size          52        2704
 soc_moint_diag  2.619846436077949E-020  2.737610485525899E-018
 soc_moint_size          50        2500
 soc_moint_symm  4.860951497482410E-008 -4.860951497410807E-008
 aoint_temp_diag  0.000000000000000E+000
 aoint_temp_symm  1.026760000000000E-004 -1.026760000000000E-004
 aoint_temp_size          52        2704
 soc_moint_diag  2.949892957746202E-018 -1.040834085586084E-017
 soc_moint_size          50        2500
 soc_moint_symm -5.161974641648946E-008  5.161974642387333E-008
 ##s, t           0           1
 soc_st_temp1 (-56.8941057088776,-1.720703817286384E-004)
 (-6.812508886463620E-003,0.000000000000000E+000)
 abs(soc_st_temp1)   56.8941057091378       6.812508886463620E-003
 number1:        2333
 T:i->a:           6           7
 coeff  0.702172531499374     
 ene   3.35100000000000     
 ene mo   10.4185107650857     
 pre_all  0.702172531499374       0.000000000000000E+000  0.702172531499374     
 (-2.626039194591120E-004,-8.243715964009043E-010)
 (-3.196256358635251E-008,0.000000000000000E+000)
 soc_moint  -81.0258226548857      -2.450542789970096E-004
 -9.702043970544430E-003           6           7
 ##s, t           0           1
 soc_st_temp1 (-3.18298028628572,-9.455998704640597E-006)
 (-5.236964354923667E-003,0.000000000000000E+000)
 abs(soc_st_temp1)   3.18298028629976       5.236964354923667E-003
 number1:        2343
 T:i->a:           6          17
 coeff  4.362637203289436E-002
 ene   3.35100000000000     
 ene mo   26.0768374757964     
 pre_all  4.362637203289436E-002  0.000000000000000E+000  4.362637203289436E-002
 (-2.771210978374162E-004,-8.756850207272936E-010)
 (-6.484816379607774E-008,0.000000000000000E+000)
 soc_moint  -72.9600063923877      -2.167495992986713E-004
 -0.120041257773361                6          17
 ##s, t           0           3
 soc_st_temp1 (-1.886854966641493E-002,-2.066904849849372E-004)
 (-9.94298579649482,0.000000000000000E+000)
 abs(soc_st_temp1)  1.886968170029770E-002   9.94298579649482     
 number1:        3390
 T:i->a:           6           8
 coeff  0.694615440319447     
 ene   8.07490000000000     
 ene mo   13.4147614543728     
 pre_all  0.694615440319447       0.000000000000000E+000  0.694615440319447     
 (-7.042053147267455E-008,-9.460288068451989E-010)
 (-4.550044214525810E-005,0.000000000000000E+000)
 soc_moint -2.716402143841114E-002 -2.975610218556077E-004
  -14.3143742020925                6           8
 ##s, t           0           4
 soc_st_temp1 (-1.854849276712648E-004,58.0895803507755)
 (-1.204913685172453E-003,0.000000000000000E+000)
 abs(soc_st_temp1)   58.0895803510716       1.204913685172453E-003
 number1:        3829
 T:i->a:           4           7
 coeff  0.700378786922324     
 ene   8.13090000000000     
 ene mo   15.5495356449972     
 pre_all  0.700378786922324       0.000000000000000E+000  0.700378786922324     
 (-8.463776259693695E-010,2.660889959143411E-004)
 (-5.519270190744793E-009,0.000000000000000E+000)
 soc_moint -2.648351679128383E-004   82.9402368483274     
 -1.720374315442217E-003           4           7
 ##s, t           0           4
 soc_st_temp1 (-1.336420910231636E-005,3.35293595605433)
 (-6.963952631970981E-005,0.000000000000000E+000)
 abs(soc_st_temp1)   3.35293595608096       6.963952631970981E-005
 number1:        3839
 T:i->a:           4          17
 coeff  4.804723203379847E-002
 ene   8.13090000000000     
 ene mo   31.2078623557080     
 pre_all  4.804723203379847E-002  0.000000000000000E+000  4.804723203379847E-002
 (-8.898151239625294E-010,2.850171339172253E-004)
 (-5.912189353291830E-009,0.000000000000000E+000)
 soc_moint -2.781473256088498E-004   69.7841640937989     
 -1.449397250608931E-003           4          17
 ##s, t           0           4
 soc_st_temp1 (3.009761684508399E-006,-2.98662985612935)
 (6.195387530113758E-005,0.000000000000000E+000)
 abs(soc_st_temp1)   2.98662985613087       6.195387530113758E-005
 number1:        3884
 T:i->a:           5          18
 coeff -3.553667469165923E-002
 ene   8.13090000000000     
 ene mo   30.1116671921885     
 pre_all -3.553667469165923E-002  0.000000000000000E+000 -3.553667469165923E-002
 (-8.761020227365601E-010,2.714090537114332E-004)
 (-5.629689109561108E-009,0.000000000000000E+000)
 soc_moint -8.469452408580547E-005   84.0435939442798     
 -1.743378524776747E-003           5          18
sum_soc, <S0|Hso|T1,1,0,-1> (cm-1):        60.74192       42.95102        0.00014       -0.00769        0.00000      -42.95102       -0.00014
sum_soc, <S0|Hso|T2,1,0,-1> (cm-1):         0.01943        0.00000        0.01374        0.00001        0.00000       -0.00000       -0.01374
sum_soc, <S0|Hso|T3,1,0,-1> (cm-1):        10.62339        0.01332        0.00016      -10.62338        0.00000       -0.01332       -0.00016
sum_soc, <S0|Hso|T4,1,0,-1> (cm-1):        59.88731        0.00014      -42.34673       -0.00124        0.00000       -0.00014       42.34673
 s, t           1           1
 sum_st_temp1 (3.977012836818960E-009,-6.550478337484987E-006)
 (-5.439896921511921E-007,0.000000000000000E+000)
 sum_st_temp2 (-5.240474430803416E-008,8.392997219239370E-004)
 (-8.076183815726977E-008,0.000000000000000E+000)
 s, t           1           2
 ##s, t           1           2
 soc_st_temp1 (-42.8321562684582,-1.192353849268393E-004)
 (-3.288382153641124E-002,0.000000000000000E+000)
 abs(soc_st_temp1)   42.8321562686242       3.288382153641124E-002
 number1:         221        2817
 S:i->a:           6           7
 T:j->a:           5           7
 coeff  0.704714595867635       0.693872620142820     
 ene   4.02720000000000        5.67210000000000     
 ene mo   10.4185107650857        14.1512364117711     
 pre_all  0.488982163087564       0.000000000000000E+000  0.000000000000000E+000
  0.488982163087564      (-2.007962705897439E-004,-5.704636648518028E-010)
 (-1.003669273986965E-007,0.000000000000000E+000)
 soc_moint  -87.5945188410772      -2.438440347103483E-004
 -6.724952921015723E-002           5           6
 sum_st_temp1 (-44.5588560677308,-1.265640408553565E-004)
 (-2.240354913947323E-002,0.000000000000000E+000)
 sum_st_temp2 (-0.244413808853565,3.855457601581577E-006)
 (-2.885528676020754E-005,0.000000000000000E+000)
 s, t           1           3
 sum_st_temp1 (-8.432479162595443E-008,1.086036704409459E-002)
 (-2.528407291760294E-007,0.000000000000000E+000)
 ##s, t           1           3
 soc_st_temp2 (1.131496501434356E-005,-7.10692917230386)
 (1.472976882017528E-004,0.000000000000000E+000)
 abs(soc_st_temp2)   7.10692917231286       1.472976882017528E-004
 number1:         221        3390
 S:i->a:           6           7
 T:i->b:           6           8
 coeff  0.704714595867635       0.694615440319447     
 ene   4.02720000000000        8.07490000000000     
 ene mo   10.4185107650857        13.4147614543728     
 pre_all  0.489505639308138       0.000000000000000E+000  0.000000000000000E+000
  0.489505639308138      (4.615974827157021E-011,-3.221154148941358E-005)
 (6.676223672040656E-010,0.000000000000000E+000)
 soc_moint  2.311508597965270E-005  -14.5185856265255     
  3.009111252324671E-004           7           8
 sum_st_temp2 (7.166492255573538E-006,-8.61715723700434)
 (1.786601393420001E-004,0.000000000000000E+000)
 s, t           1           4
 ##s, t           1           4
 soc_st_temp1 (-2.951577460429586E-002,1.018952336950139E-003)
 (49.1333652503648,0.000000000000000E+000)
 abs(soc_st_temp1)  2.953335765463475E-002   49.1333652503648     
 number1:         221        3829
 S:i->a:           6           7
 T:j->a:           4           7
 coeff  0.704714595867635       0.700378786922324     
 ene   4.02720000000000        8.13090000000000     
 ene mo   10.4185107650857        15.5495356449972     
 pre_all  0.493567153780230       0.000000000000000E+000  0.000000000000000E+000
  0.493567153780230      (-1.367522242422737E-007,4.755419756243139E-009)
 (2.293055560001892E-004,0.000000000000000E+000)
 soc_moint -5.980093176663454E-002  2.064465404310646E-003
   99.5474768772560                4           6
 sum_st_temp1 (-2.348290975794096E-002,1.051423617001751E-003)
 (50.6985692506341,0.000000000000000E+000)
 sum_st_temp2 (-2.143036846500100E-003,-3.297351319767681E-007)
 (-2.254499934391258E-002,0.000000000000000E+000)
sum_soc, <S1|Hso|T1,1,0,-1> (cm-1):         0.00085        0.00000       -0.00060        0.00000        0.00000       -0.00000        0.00060
sum_soc, <S1|Hso|T2,1,0,-1> (cm-1):        44.31445      -31.33504       -0.00009        0.02237        0.00000       31.33504        0.00009
sum_soc, <S1|Hso|T3,1,0,-1> (cm-1):         8.62802       -0.00001        6.10093        0.00018        0.00000        0.00001       -6.10093
sum_soc, <S1|Hso|T4,1,0,-1> (cm-1):        50.72112       -0.01509        0.00074      -50.72111        0.00000        0.01509       -0.00074
 s, t           2           1
 sum_st_temp1 (-2.558354374853503E-008,1.794910942664104E-003)
 (-4.149405304798534E-008,0.000000000000000E+000)
 ##s, t           2           1
 soc_st_temp2 (-1.124412299717819E-005,7.06243330353367)
 (-1.463754701177569E-004,0.000000000000000E+000)
 abs(soc_st_temp2)   7.06243330354262       1.463754701177569E-004
 number1:         750        2333
 S:i->a:           6           8
 T:i->b:           6           7
 coeff  0.692765474328508       0.702172531499374     
 ene   8.47260000000000        3.35100000000000     
 ene mo   13.4147614543728        10.4185107650857     
 pre_all  0.486440886844613       0.000000000000000E+000  0.000000000000000E+000
  0.486440886844613      (-4.583012372215138E-011,3.227080789388216E-005)
 (-6.688513193647889E-010,0.000000000000000E+000)
 soc_moint -2.311508597875941E-005   14.5185856265255     
 -3.009111252324669E-004           8           7
 sum_st_temp2 (1.080999397189348E-004,7.38722454039392)
 (-1.531743588916687E-004,0.000000000000000E+000)
 s, t           2           2
 sum_st_temp1 (-1.040238908888710E-003,-7.320127757604762E-006)
 (-0.353347094789739,0.000000000000000E+000)
 sum_st_temp2 (9.233269176622327E-005,-2.176336587282829E-006)
 (-0.100196654612514,0.000000000000000E+000)
 s, t           2           3
 sum_st_temp1 (-8.283896248957956E-008,9.645106821942025E-006)
 (1.147595621783149E-005,0.000000000000000E+000)
 sum_st_temp2 (9.365930179771477E-008,2.990302612144553E-004)
 (3.134535211289374E-005,0.000000000000000E+000)
 s, t           2           4
 sum_st_temp1 (0.469147098155517,1.320907321816537E-006)
 (8.887575035184303E-004,0.000000000000000E+000)
 sum_st_temp2 (0.225924374792882,4.789328710382378E-006)
 (-3.709953215002255E-004,0.000000000000000E+000)
sum_soc, <S2|Hso|T1,1,0,-1> (cm-1):         7.38543       -0.00008       -5.22229       -0.00015        0.00000        0.00008        5.22229
sum_soc, <S2|Hso|T2,1,0,-1> (cm-1):         0.25315       -0.00080       -0.00000        0.25315        0.00000        0.00080        0.00000
sum_soc, <S2|Hso|T3,1,0,-1> (cm-1):         0.00029       -0.00000       -0.00020        0.00002        0.00000        0.00000        0.00020
sum_soc, <S2|Hso|T4,1,0,-1> (cm-1):         0.24323        0.17198       -0.00000       -0.00126        0.00000       -0.17198        0.00000
 s, t           3           1
 ##s, t           3           1
 soc_st_temp1 (2.948439450352864E-002,-1.017869023791695E-003)
 (-49.0811284389221,0.000000000000000E+000)
 abs(soc_st_temp1)  2.950195886020629E-002   49.0811284389221     
 number1:        1189        2333
 S:i->a:           4           7
 T:j->a:           6           7
 coeff  0.702167044380764       0.702172531499374     
 ene   9.27890000000000        3.35100000000000     
 ene mo   15.5495356449972        10.4185107650857     
 pre_all  0.493042411088275       0.000000000000000E+000  0.000000000000000E+000
  0.493042411088275      (1.390904052244259E-007,-4.804219621888239E-009)
 (-2.316533659412545E-004,0.000000000000000E+000)
 soc_moint  5.980093176663456E-002 -2.064465404310647E-003
  -99.5474768772560                6           4
 sum_st_temp1 (-3.319515965308657E-002,-1.060894261611076E-003)
 (-51.1462460282749,0.000000000000000E+000)
 sum_st_temp2 (1.418377731897367E-002,2.726603517321697E-006)
 (0.111551537832420,0.000000000000000E+000)
 s, t           3           2
 ##s, t           3           2
 soc_st_temp1 (-1.911820038704543E-004,36.8515486446831)
 (-7.643071857514908E-004,0.000000000000000E+000)
 abs(soc_st_temp1)   36.8515486451790       7.643071857514908E-004
 number1:        1189        2817
 S:i->a:           4           7
 T:j->a:           5           7
 coeff  0.702167044380764       0.693872620142820     
 ene   9.27890000000000        5.67210000000000     
 ene mo   15.5495356449972        14.1512364117711     
 pre_all  0.487214486862421       0.000000000000000E+000  0.000000000000000E+000
  0.487214486862421      (-8.732771570420345E-010,1.696892937039063E-004)
 (-3.519336906220222E-009,0.000000000000000E+000)
 soc_moint -3.923980246916574E-004   75.6372217725481     
 -1.568728331724604E-003           5           4
 sum_st_temp1 (-1.938443469752197E-004,37.6461520168184)
 (-7.807787134828434E-004,0.000000000000000E+000)
 sum_st_temp2 (6.478064924856395E-006,0.376833930735185)
 (-7.824130884860872E-006,0.000000000000000E+000)
 s, t           3           3
 sum_st_temp1 (-0.340383017950757,-9.357505621110148E-007)
 (-3.228670807345139E-003,0.000000000000000E+000)
 sum_st_temp2 (1.08396533040805,9.922431720247700E-006)
 (2.585649781884981E-003,0.000000000000000E+000)
 s, t           3           4
 sum_st_temp1 (-2.454276135744094E-007,4.773207431457900E-002)
 (-2.451907003427769E-007,0.000000000000000E+000)
 sum_st_temp2 (-1.430259082332278E-008,-7.985125413440017E-003)
 (9.408668040165690E-008,0.000000000000000E+000)
sum_soc, <S3|Hso|T1,1,0,-1> (cm-1):        51.25782       -0.03350       -0.00075       51.25780        0.00000        0.03350        0.00075
sum_soc, <S3|Hso|T2,1,0,-1> (cm-1):        37.26932       -0.00014       26.35339        0.00077        0.00000        0.00014      -26.35339
sum_soc, <S3|Hso|T3,1,0,-1> (cm-1):         1.42436       -1.00717       -0.00001        0.00581        0.00000        1.00717        0.00001
sum_soc, <S3|Hso|T4,1,0,-1> (cm-1):         0.05572       -0.00000        0.03940        0.00000        0.00000        0.00000       -0.03940
 s, t           4           1
 sum_st_temp1 (-1.013747398465551E-003,1.258573894456066E-002)
 (-1.038281731267427E-006,0.000000000000000E+000)
 ##s, t           4           1
 soc_st_temp2 (6.440280541922954E-004,-3.37786783978468)
 (6.989314962980085E-005,0.000000000000000E+000)
 abs(soc_st_temp2)   3.37786790118023       6.989314962980085E-005
 number1:        1807        2333
 S:i->a:           6           9
 T:i->b:           6           7
 coeff  0.695437429808259       0.702172531499374     
 ene   9.57540000000000        3.35100000000000     
 ene mo   14.9610860000178        10.4185107650857     
 pre_all  0.488317060587883       0.000000000000000E+000  0.000000000000000E+000
  0.488317060587883      (3.138635668792173E-009,-2.085022728648148E-005)
 (4.316331744267686E-010,0.000000000000000E+000)
 soc_moint  1.318872729757140E-003  -6.91736619321889     
  1.431306712667360E-004           9           7
 sum_st_temp2 (3.826248941211324E-004,-5.84485576964819)
 (1.210302321088700E-004,0.000000000000000E+000)
 s, t           4           2
 sum_st_temp1 (-2.634337876793566E-003,8.972250851023057E-006)
 (0.423464461609366,0.000000000000000E+000)
 sum_st_temp2 (-1.343206419047959E-004,4.089487278632209E-006)
 (0.193009288518764,0.000000000000000E+000)
 s, t           4           3
 sum_st_temp1 (-1.880248094025575E-008,1.105704777285462E-005)
 (2.360534523295960E-005,0.000000000000000E+000)
 sum_st_temp2 (7.968536812814339E-008,-9.902888379712622E-004)
 (8.428618362724220E-005,0.000000000000000E+000)
 s, t           4           4
 sum_st_temp1 (-0.421697776648198,8.720731336164657E-004)
 (1.291263203830356E-003,0.000000000000000E+000)
 sum_st_temp2 (0.525491809125004,-4.103960503397885E-005)
 (3.475470615548938E-004,0.000000000000000E+000)
sum_soc, <S4|Hso|T1,1,0,-1> (cm-1):         5.85744       -0.00099        4.14184        0.00012        0.00000        0.00099       -4.14184
sum_soc, <S4|Hso|T2,1,0,-1> (cm-1):         0.23047       -0.00177        0.00000       -0.23046        0.00000        0.00177       -0.00000
sum_soc, <S4|Hso|T3,1,0,-1> (cm-1):         0.00100       -0.00000        0.00071        0.00006        0.00000        0.00000       -0.00071
sum_soc, <S4|Hso|T4,1,0,-1> (cm-1):         0.94719       -0.66976        0.00065       -0.00094        0.00000        0.66976       -0.00065
 calculation of transition dipole
 dip_x(1,1) -0.249122573000000     
 dip_y(1,1)  0.000000000000000E+000
 dip_z(1,1) -5.480210000000000E-004
 dip_size        8112
 aoint_temp_diag  -1.35765471700000     
 aoint_temp_symm  0.000000000000000E+000  0.000000000000000E+000
 aoint_temp_size          52        2704
 dip_moint_diag   1.33695339537170        2.01125278953121     
 dip_moint_size          50        2500
 dip_moint_symm -2.148083978478240E-002 -2.148083978478263E-002
 aoint_temp_diag  -1.77579438000000     
 aoint_temp_symm  0.000000000000000E+000  0.000000000000000E+000
 aoint_temp_size          52        2704
 dip_moint_diag -2.596666610410789E-008  2.347822034792105E-008
 dip_moint_size          50        2500
 dip_moint_symm -7.050252849880170E-009 -7.050252875836859E-009
 aoint_temp_diag  2.645620000000000E-004
 aoint_temp_symm  0.000000000000000E+000  0.000000000000000E+000
 aoint_temp_size          52        2704
 dip_moint_diag -2.965411206285008E-005  1.700405390462737E-004
 dip_moint_size          50        2500
 dip_moint_symm -7.494547211722834E-006 -7.494547211722713E-006
 input%ene_s   4.02720000000000        8.47260000000000     
   9.27890000000000        9.57540000000000     
 input%ene_t   3.35100000000000        5.67210000000000     
   8.07490000000000        8.13090000000000     
 si           1
 dip_statint_temp_eg     -0.0000008     -0.0008009     -0.0000005
 si           2
 dip_statint_temp_eg     -0.0000216      1.8628719     -0.0000400
 si           3
 dip_statint_temp_eg      0.0018750     -0.0000032     -0.1442902
 si           4
 dip_statint_temp_eg      0.0000336     -1.1521234      0.0000240
 multip:  singlet   
 ei,ej           1           2
 ene_temp   4.02720000000000        8.47260000000000     
 dip_statint_temp_ex      0.0016358     -0.0000109     -0.5621297
 multip:  singlet   
 ei,ej           1           3
 ene_temp   4.02720000000000        9.27890000000000     
 dip_statint_temp_ex     -0.0000096      0.1368809     -0.0000031
 multip:  singlet   
 ei,ej           1           4
 ene_temp   4.02720000000000        9.57540000000000     
 dip_statint_temp_ex     -0.0001160     -0.0000134     -0.6337805
 multip:  singlet   
 ei,ej           2           3
 ene_temp   8.47260000000000        9.27890000000000     
 dip_statint_temp_ex     -0.0000006      0.0020493     -0.0000001
 multip:  singlet   
 ei,ej           2           4
 ene_temp   8.47260000000000        9.57540000000000     
 dip_statint_temp_ex      3.1119190      0.0001251      0.0000268
 multip:  singlet   
 ei,ej           3           4
 ene_temp   9.27890000000000        9.57540000000000     
 dip_statint_temp_ex     -0.0000005     -0.0012588      0.0000062
 multip:  triplet   
 ei,ej           1           2
 ene_temp   3.35100000000000        5.67210000000000     
 dip_statint_temp_ex     -0.0000000     -0.0002296      0.0000003
 multip:  triplet   
 ei,ej           1           3
 ene_temp   3.35100000000000        8.07490000000000     
 dip_statint_temp_ex      0.0004465     -0.0000040     -0.2325640
 multip:  triplet   
 ei,ej           1           4
 ene_temp   3.35100000000000        8.13090000000000     
 dip_statint_temp_ex     -0.0000046     -0.0415298      0.0000006
 multip:  triplet   
 ei,ej           2           3
 ene_temp   5.67210000000000        8.07490000000000     
 dip_statint_temp_ex     -0.0000002      0.0401954     -0.0000008
 multip:  triplet   
 ei,ej           2           4
 ene_temp   5.67210000000000        8.13090000000000     
 dip_statint_temp_ex      0.0012881     -0.0000120     -0.5809654
 multip:  triplet   
 ei,ej           3           4
 ene_temp   8.07490000000000        8.13090000000000     
 dip_statint_temp_ex     -0.0000006      0.0001074     -0.0000008
