    ----------------------------------------------
    -                                            -
    -               PROGRAM MolSOC               -
    -                Version 0.1                 -
    -          AUTHOR: Sandro G. Chiodo          -
    -                                            -
    ----------------------------------------------


 *** 16 Sep 2013 - 16:22:04 ***

 *** SPIN-ORBIT CALCULATIONS ***

 GEOMETRY IN BOHR
 RESTRICTED MOs
 COEFFICIENTS OF SPHERICAL MOs
 ONE-ELECTRON SOC CALCULATIONS WITH Z_eff
 DIPOLE MOMENT COMPONENTS

 MOLECULAR CHARGE                 =     1
 MULTIPLICITY OF THE FIRST STATE  =     4
 MULTIPLICITY OF THE SECOND STATE =     4
 NUMBER OF ELECTRONS              =    15


 GEOMETRY IN ANGSTROM

 ATOM          X           Y           Z      Z_A   Z_eff

  O        0.000000    0.000000    0.690500   8.0   5.018
  O        0.000000    0.000000   -0.690500   8.0   5.018

 GEOMETRY IN BOHR

 ATOM          X           Y           Z      Z_A   Z_eff

  O        0.000000    0.000000    1.304856   8.0   5.018
  O        0.000000    0.000000   -1.304856   8.0   5.018


 NUMBER OF ATOMS                  =      2
 NUMBER OF SHELLS                 =     12
 NUMBER OF GTFs                   =     30
 NUMBER OF STOs                   =     30


 BASIS SET

 O 
     1    0    6    1
          5222.902200000        -0.001936400
           782.539940000        -0.014850700
           177.267430000        -0.073318700
            49.516688000        -0.245116200
            15.666440000        -0.480284700
             5.179359900        -0.335942700
     1    0    2    1
            10.601441000         0.078805800
             0.942317000        -0.567695200
     1    0    1    1
             0.277474600         1.000000000
     1    1    4    3
            33.424126000         0.017560300
             7.622171400         0.107630000
             2.238209300         0.323525600
             0.686730000         0.483222900
     1    1    1    3
             0.193813500         1.000000000
     1    2    1    6
             0.800000000         1.000000000
 O 
     2    0    6    1
          5222.902200000        -0.001936400
           782.539940000        -0.014850700
           177.267430000        -0.073318700
            49.516688000        -0.245116200
            15.666440000        -0.480284700
             5.179359900        -0.335942700
     2    0    2    1
            10.601441000         0.078805800
             0.942317000        -0.567695200
     2    0    1    1
             0.277474600         1.000000000
     2    1    4    3
            33.424126000         0.017560300
             7.622171400         0.107630000
             2.238209300         0.323525600
             0.686730000         0.483222900
     2    1    1    3
             0.193813500         1.000000000
     2    2    1    6
             0.800000000         1.000000000


 ONE-ELECTRON SOC INTEGRALS CALCULATED IN    0.000000 SEC.


 *** BEFORE SVD (BIORTHOGONALIZATION) ***

 NUMBER OF ELECTRONS =         5.999999998
 NUMBER OF ELECTRONS =         8.999999999
 NUMBER OF ELECTRONS =         5.999999997
 NUMBER OF ELECTRONS =         8.999999996

 MOMENTS IN DEBYES OF THE I STATE:
 ---------------------------------------------
           NUCLEAR     ELECTRONIC      TOTAL

 DIPOLE
 X        0.000000     -0.000000      0.000000
 Y        0.000000      0.000000      0.000000
 Z        0.000000     -0.000000     -0.000000

 MOMENTS IN DEBYES OF THE II STATE:
 ---------------------------------------------
           NUCLEAR     ELECTRONIC      TOTAL

 DIPOLE
 X        0.000000     -0.000000      0.000000
 Y        0.000000      0.000000      0.000000
 Z        0.000000     -0.000000     -0.000000

 ORTSVDLAP: DGESVD SUCCESSFULL EXIT:    0

 BIORTHOGONALIZATION PERFORMED IN    0.000000 SEC.

 ORTSVDLAP: DGESVD SUCCESSFULL EXIT:    0

 BIORTHOGONALIZATION PERFORMED IN    0.000000 SEC.


 *** AFTER SVD (BIORTHOGONALIZATION)  ***

 NUMBER OF ELECTRONS =         5.999999998
 NUMBER OF ELECTRONS =         8.999999999
 NUMBER OF ELECTRONS =         5.999999997
 NUMBER OF ELECTRONS =         8.999999996

 MOMENTS IN DEBYES OF THE I STATE:
 ---------------------------------------------
           NUCLEAR     ELECTRONIC      TOTAL

 DIPOLE
 X        0.000000     -0.000000      0.000000
 Y        0.000000      0.000000      0.000000
 Z        0.000000     -0.000000     -0.000000

 MOMENTS IN DEBYES OF THE II STATE:
 ---------------------------------------------
           NUCLEAR     ELECTRONIC      TOTAL

 DIPOLE
 X        0.000000     -0.000000     -0.000000
 Y        0.000000     -0.000000     -0.000000
 Z        0.000000     -0.000000     -0.000000

 SPIN DISCOINCIDENCE    =  0
 ORBITAL DISCOINCIDENCE =  1
 COUPLING DETERMINANTS  =  BETA BETA  

 FIRST STATE:

  ALPHA HOMO NO. =    6
  BETA HOMO NO.  =    9

 SECOND STATE:

  ALPHA HOMO NO. =    6
  BETA HOMO NO.  =    9


 ******************************
 *** MATRIX ELEMENTS (CM-1) ***
 ******************************

  (I-STATE) (II-STATE)            1-el                    2-el                   TOTAL
      MS        MS            R           I           R           I           R           I
 ----------------------------------------------------------------------------------------------
 
     1.50      1.50        74.7636      0.0000      0.0000      0.0000     74.7636      0.0000
     0.50      0.50        24.9212      0.0000      0.0000      0.0000     24.9212      0.0000
    -0.50     -0.50       -24.9212      0.0000      0.0000      0.0000    -24.9212      0.0000
    -1.50     -1.50       -74.7636      0.0000      0.0000      0.0000    -74.7636      0.0000
 
     1.50      0.50         0.0000      0.0000      0.0000      0.0000      0.0000      0.0000
     0.50      1.50         0.0000      0.0000      0.0000      0.0000      0.0000      0.0000
     0.50     -0.50         0.0000      0.0000      0.0000      0.0000      0.0000      0.0000
    -0.50      0.50         0.0000      0.0000      0.0000      0.0000      0.0000      0.0000
    -0.50     -1.50         0.0000      0.0000      0.0000      0.0000      0.0000      0.0000
    -1.50     -0.50         0.0000      0.0000      0.0000      0.0000      0.0000      0.0000

 THE TOTAL CPU TIME IS:    0.016001 SEC.

 *** 16 Sep 2013 - 16:22:04 ***
