Coefficients and Mulliken populations of the atomic orbitals

Eigenvector:   1    (up)

          s1     -0.294017       0.165657
          p1     -0.000000       0.000000
          p2     -0.000052       0.000000
          p3     -0.174392       0.085029
 
          s1     -0.781730       0.736842
          p1      0.000000       0.000000
          p2      0.000014       0.000000
          p3      0.044616       0.008749
 
          s1     -0.014054       0.001862
 
          s1     -0.014054       0.001862
 
Eigenvector:   2    (up)

          s1     -0.571013       0.431447
          p1      0.000000       0.000000
          p2      0.000020      -0.000000
          p3      0.205076       0.073870
 
          s1      0.367012       0.091498
          p1      0.000000       0.000000
          p2      0.000068       0.000000
          p3      0.309036       0.139249
 
          s1     -0.240087       0.131968
 
          s1     -0.240087       0.131968
 
Eigenvector:   3    (up)

          s1     -0.000000       0.000000
          p1      0.511673       0.422730
          p2     -0.000011       0.000000
          p3      0.000000       0.000000
 
          s1     -0.000001       0.000000
          p1      0.483035       0.287322
          p2     -0.000010       0.000000
          p3     -0.000003       0.000000
 
          s1      0.302228       0.144974
 
          s1     -0.302229       0.144974
 
Eigenvector:   4    (up)

          s1     -0.024124       0.001424
          p1     -0.000001       0.000000
          p2     -0.000270       0.000000
          p3      0.423214       0.265804
 
          s1     -0.294536       0.045160
          p1     -0.000003       0.000000
          p2     -0.000664       0.000001
          p3     -0.701966       0.568179
 
          s1     -0.199264       0.059716
 
          s1     -0.199264       0.059716
 
Eigenvector:   5    (up)

          s1     -0.000186       0.000000
          p1      0.000011       0.000000
          p2      0.547832       0.375056
          p3      0.000212       0.000000
 
          s1     -0.000163       0.000000
          p1      0.000015       0.000000
          p2      0.741625       0.624943
          p3     -0.000699       0.000001
 
          s1     -0.000086       0.000000
 
          s1     -0.000086       0.000000
 
Eigenvector:   6    (up)

          s1     -0.000000       0.000000
          p1     -0.145418       0.041299
          p2      0.000003       0.000000
          p3      0.000001       0.000000
 
          s1      0.000000       0.000000
          p1      0.834514       0.655168
          p2     -0.000017       0.000000
          p3     -0.000002       0.000000
 
          s1     -0.392189       0.151767
 
          s1      0.392187       0.151766
 
Eigenvector:   7    (up)

          s1      0.000457       0.000000
          p1     -0.000018       0.000000
          p2     -0.857377       0.624944
          p3     -0.000050      -0.000000
 
          s1     -0.000005       0.000000
          p1      0.000014       0.000000
          p2      0.696569       0.375056
          p3     -0.000127       0.000000
 
          s1     -0.000286       0.000000
 
          s1     -0.000286       0.000000
 
Eigenvector:   8    (up)

          s1     -0.967729       0.233458
          p1     -0.000013       0.000000
          p2     -0.000609       0.000000
          p3      0.601247       0.148407
 
          s1      0.016459       0.000313
          p1      0.000004       0.000000
          p2      0.000224       0.000000
          p3     -0.082211       0.004928
 
          s1      0.832175       0.306453
 
          s1      0.832159       0.306442
 
Eigenvector:   9    (up)

          s1      0.000014       0.000000
          p1     -1.101457       0.535971
          p2      0.000023       0.000000
          p3     -0.000005       0.000000
 
          s1     -0.000002       0.000000
          p1      0.333058       0.057510
          p2     -0.000007       0.000000
          p3      0.000002       0.000000
 
          s1      0.742024       0.203254
 
          s1     -0.742044       0.203266
 
Eigenvector:  10    (up)

          s1     -0.751640       0.168014
          p1     -0.000004       0.000000
          p2     -0.000320       0.000000
          p3     -1.014297       0.426890
 
          s1      0.789858       0.126187
          p1     -0.000001       0.000000
          p2     -0.000277       0.000000
          p3     -0.882944       0.278895
 
          s1      0.001489       0.000007
 
          s1      0.001485       0.000007
 
