    ----------------------------------------------
    -                                            -
    -               PROGRAM MolSOC               -
    -                Version 0.1                 -
    -          AUTHOR: Sandro G. Chiodo          -
    -                                            -
    ----------------------------------------------


 *** 24 Nov 2020 - 07:47:38 ***

 *** SPIN-ORBIT CALCULATIONS ***

 GEOMETRY IN ANGSTROM
 RESTRICTED MOs
 COEFFICIENTS OF SPHERICAL MOs
 ONE-ELECTRON SOC CALCULATIONS WITH Z_eff
 DIPOLE MOMENT COMPONENTS

 MOLECULAR CHARGE                 =     0
 MULTIPLICITY OF THE FIRST STATE  =     0
 MULTIPLICITY OF THE SECOND STATE =     0
 NUMBER OF ELECTRONS              =    16


 GEOMETRY IN ANGSTROM

 ATOM          X           Y           Z      Z_A   Z_eff

  C       -0.131830    0.000000   -0.000290   6.0   3.013
  O        1.065290    0.000000    0.000090   8.0   5.018
  H       -0.718440    0.939710    0.000100   1.0   1.000
  H       -0.718440   -0.939710    0.000140   1.0   1.000

 GEOMETRY IN BOHR

 ATOM          X           Y           Z      Z_A   Z_eff

  C       -0.249123    0.000000   -0.000548   6.0   3.013
  O        2.013106    0.000000    0.000170   8.0   5.018
  H       -1.357655    1.775794    0.000189   1.0   1.000
  H       -1.357655   -1.775794    0.000265   1.0   1.000


 NUMBER OF ATOMS                  =      4
 NUMBER OF SHELLS                 =      6
 NUMBER OF GTFs                   =     46
 NUMBER OF STOs                   =     10


 BASIS SET

 C 
     1    0    8    1
             0.406673440        -2.780781661
             0.498100604         2.145696643
             0.341224296         2.062774401
            25.277703994        -2.091542867
             3.211185946        -1.111470256
             8.572722127        -1.951436622
            90.434690939        -1.668385502
           492.947636030        -1.128867792
     1    1    7    3
             0.314336332         0.262796059
             0.765561590         0.371204328
             0.580783428         0.398553434
             1.543107032         1.026033571
             3.673078880         1.301856504
             9.859257741         1.592597923
            34.639456144         1.535651421
 O 
     2    0    9    1
             0.851051822         1.143865885
             0.394301034         0.632833929
             2.828939285        -2.972449291
             2.500929097         2.891964527
            23.686387748        -3.036176453
             9.014776907        -2.339756148
           245.576395990        -2.075456723
            69.115451979        -2.784749334
          1330.284306800        -1.375570249
     2    1    8    3
             0.390144658         0.273667688
             1.710282071        -0.250786395
             1.851346243         1.997355633
             0.817692691         0.906130968
             6.669202837         1.606672343
             4.023368293         2.006186482
            14.660114630         3.301943872
            49.652816307         3.563157643
 H 
     3    0    7    1
             0.310579426         1.106974211
             0.420544017        -2.038980558
             1.469181257         0.497373439
             0.489976876         2.028123863
             4.267472288         0.366472857
            82.212142463         0.170347483
            15.114794189         0.261313720
 H 
     4    0    7    1
             0.310579426         1.106974211
             0.420544017        -2.038980558
             1.469181257         0.497373439
             0.489976876         2.028123863
             4.267472288         0.366472857
            82.212142463         0.170347483
            15.114794189         0.261313720


 ONE-ELECTRON SOC INTEGRALS CALCULATED IN    0.000931 SEC.

 *** 24 Nov 2020 - 07:47:38 ***
