QM_code tddftb
output from td-dftb+ is called...
reading MO_energy, # of mo, occ, virt...
mo_ene ['-24.83989', '-14.53516', '-11.13149', '-10.51049', '-9.83479', '-6.31002', '-1.81092', '9.82077', '10.70671', '32.55762']
nbov [10, 6, 4]
reading singlet and triplet energies...
ene_t [[1, 4.499], [2, 7.231], [3, 8.7], [4, 9.321], [5, 12.724], [6, 15.587], [7, 16.395], [8, 19.656], [9, 19.699], [10, 20.315]]
ene_s [[1, 4.499], [2, 8.7], [3, 9.321], [4, 9.838], [5, 12.724], [6, 16.75], [7, 17.971], [8, 19.656], [9, 20.542], [10, 20.707]]
e_s [4.499, 8.7, 9.321, 9.838]
e_t [4.499, 7.231, 8.7, 9.321, 12.724]
total order for the roots: [1, 2, 3, 4, 1, 2, 3, 4, 5]
reading oversqr.dat (ao overlap)...
len(ao_overlap) 100
reading eigenvec.out(mo coeffs)...
ao_ncart [10, 6, 4]
len,nbasis 6 10
['1', '3', '1', '3', '1', '1']
reading XplusY.DAT(X+Y coeffs)...
nidm 24
ci_coeff -1.0000000106E+00 3.1046051585E-02
216
prepare input for molsoc...
ch2o.xyz
natom 4
['C', 'O', 'H', 'H']
hello molsoc.inp
['ANG', 'Zeff', 'DIP', 'TDB']
build basis set...
dir_para_basis /fsnfs/users/xinggao/work/gsh/thiothymine/gtsh/test_python/tddftb/sto2gto/mio-1-1
[4.499, 8.7, 9.321, 9.838]
[1, 2, 3, 4]
[4.499, 7.231, 8.7, 9.321, 12.724]
[1, 2, 3, 4, 5]
[10, 6, 4]
len(soint) 300
 tbcart_bov          10           6           4
 input   4.49900000000000        7.23100000000000        8.70000000000000     
   9.32100000000000        12.7240000000000     
 root_s           1           2           3           4           1           2
           3           4
 root_t           1           2           3           4           5           1
           2           3           4           5
 xpy*xpy from output  0.999999972813262     
 xpy*xpy normlized   1.00000000000000     
 xpy*xpy from output  0.999999955277943     
 xpy*xpy normlized   1.00000000000000     
 xpy*xpy from output  0.999999988531972     
 xpy*xpy normlized   1.00000000000000     
 xpy*xpy from output  0.839756329560948     
 xpy*xpy normlized   1.00000000000000     
 xpy*xpy from output   1.00000002322483     
 xpy*xpy normlized   1.00000000000000     
 xpy*xpy from output   1.11566595186355     
 xpy*xpy normlized   1.00000000000000     
 xpy*xpy from output   1.00000001436362     
 xpy*xpy normlized   1.00000000000000     
 xpy*xpy from output   1.00000001336328     
 xpy*xpy normlized   1.00000000000000     
 xpy*xpy from output   1.00000002507530     
 xpy*xpy normlized   1.00000000000000     
 x+y0 -4.307061861984675E-015
 x+y-1 -3.433694820723521E-011
 ci_size         216
 mo_coeff_i -0.294017000000000     
 mo_coeff_i  1.485000000000000E-003
 hello0
 hello1
 k=           1
 matr_in diag  0.000000000000000E+000
 matr_in off1  0.000000000000000E+000  0.000000000000000E+000
 matr_in off2 -7.969170000000000E-004  7.969170000000000E-004
 k=           2
 matr_in diag  0.000000000000000E+000
 matr_in off1 -8.117250000000000E-004  8.117250000000000E-004
 matr_in off2 -3.625600000000000E-005  3.625600000000000E-005
 k=           3
 matr_in diag  0.000000000000000E+000
 matr_in off1  1.100000000000000E-008 -1.100000000000000E-008
 matr_in off2  -1.70352354400000        1.70352354400000     
 k=           1
 matr_in diag   12.5664760880000     
 matr_in off1  0.000000000000000E+000  0.000000000000000E+000
 matr_in off2   1.13386652300000        1.13386652300000     
 input%num_bov(1), ndim1          10          10
 mo_coeff1  1.485000000000000E-003
 mo_coeff2 -1.405400000000000E-002
 mo_coeff3 -0.294017000000000     
 mo_coeff4  0.000000000000000E+000
 aoint_temp_diag  0.000000000000000E+000
 aoint_temp_symm -6.341664648277911E-005  6.341664648277911E-005
 aoint_temp_size          10         100
 soc_moint_diag  1.058791184067875E-022  8.131516293641283E-020
 soc_moint_size          10         100
 soc_moint_symm  3.088535041165793E-004 -3.088535041165817E-004
 aoint_temp_diag  0.000000000000000E+000
 aoint_temp_symm -2.885161108220354E-006  2.885161108220354E-006
 aoint_temp_size          10         100
 soc_moint_diag -3.631653761352813E-020 -2.676624113323589E-018
 soc_moint_size          10         100
 soc_moint_symm -2.698028932811437E-005  2.698028932811443E-005
 aoint_temp_diag  0.000000000000000E+000
 aoint_temp_symm -0.135562110439279       0.135562110439279     
 aoint_temp_size          10         100
 soc_moint_diag -1.084202172485504E-019  3.308722450212111E-024
 soc_moint_size          10         100
 soc_moint_symm  -1.22013414914934        1.22013414914934     
 ##s, t           0           1
 soc_st_temp1 (-77.0964003041384,-2.137006503689794E-004)
 (-1.242573314918466E-002,0.000000000000000E+000)
 abs(soc_st_temp1)   77.0964003044346       1.242573314918466E-002
 number1:         117
 T:i->a:           6           7
 coeff -0.707106780470663     
 ene   4.49900000000000     
 ene mo   4.49910000000000     
 pre_all -0.707106780470663       0.000000000000000E+000 -0.707106780470663     
 (-3.512771067796471E-004,-9.736919737161121E-010)
 (-5.661581569363154E-008,0.000000000000000E+000)
 soc_moint   109.030777526270       3.022183626030660E-004
  1.757264044345755E-002           6           7
 ##s, t           0           3
 soc_st_temp1 (-2.296639529125065E-004,76.2778386955951)
 (-1.544263983533794E-003,0.000000000000000E+000)
 abs(soc_st_temp1)   76.2778386959409       1.544263983533794E-003
 number1:         157
 T:i->a:           4           7
 coeff  0.707106747724976     
 ene   8.70000000000000     
 ene mo   8.69957000000000     
 pre_all  0.707106747724976       0.000000000000000E+000  0.707106747724976     
 (-1.046426144313146E-009,3.475474650267811E-004)
 (-7.036185633827122E-009,0.000000000000000E+000)
 soc_moint -3.247939011082766E-004   107.873164286931     
 -2.183919239234359E-003           4           7
 ##s, t           0           4
 soc_st_temp1 (-26.5506174869150,-2.662846338109694E-004)
 (-7.986065198384230E-003,0.000000000000000E+000)
 abs(soc_st_temp1)   26.5506174882503       7.986065198384230E-003
 number1:         177
 T:i->a:           3           7
 coeff -0.707106779856028     
 ene   9.32100000000000     
 ene mo   9.32057000000000     
 pre_all -0.707106779856028       0.000000000000000E+000 -0.707106779856028     
 (-1.209735351744557E-004,-1.213282272271979E-009)
 (-3.638719663142892E-008,0.000000000000000E+000)
 soc_moint   37.5482420301704       3.765833327826450E-004
  1.129400182503739E-002           3           7
 ##s, t           0           5
 soc_st_temp1 (-1.015073982126899E-007,-21.4370638122045)
 (4.240675427508797E-004,0.000000000000000E+000)
 abs(soc_st_temp1)   21.4370638122045       4.240675427508797E-004
 number1:         197
 T:i->a:           2           7
 coeff  0.707106773452462     
 ene   12.7240000000000     
 ene mo   12.7242400000000     
 pre_all  0.707106773452462       0.000000000000000E+000  0.707106773452462     
 (-4.625018161706468E-013,-9.767446630575913E-005)
 (1.932194225787830E-009,0.000000000000000E+000)
 soc_moint -1.435531433976252E-007  -30.3165868405952     
  5.997220538840649E-004           2           7
sum_soc, <S0|Hso|T1,1,0,-1> (cm-1):        77.09640       54.51539        0.00015       -0.01183        0.00000      -54.51539       -0.00015
sum_soc, <S0|Hso|T2,1,0,-1> (cm-1):         0.02996        0.00002        0.02118        0.00001        0.00000       -0.00002       -0.02118
sum_soc, <S0|Hso|T3,1,0,-1> (cm-1):        76.27785        0.00016      -53.93659       -0.00154        0.00000       -0.00016       53.93659
sum_soc, <S0|Hso|T4,1,0,-1> (cm-1):        26.55062       18.77412        0.00019       -0.00808        0.00000      -18.77412       -0.00019
sum_soc, <S0|Hso|T5,1,0,-1> (cm-1):        21.43707        0.00000       15.15830        0.00042        0.00000       -0.00000      -15.15830
 s, t           1           1
 sum_st_temp1 (6.547783433597122E-018,5.713094164195501E-012)
 (-3.172971055017892E-014,0.000000000000000E+000)
 sum_st_temp2 (-3.267403291343867E-008,-1.070765551382963E-003)
 (2.214311520245699E-008,0.000000000000000E+000)
 s, t           1           2
 ##s, t           1           2
 soc_st_temp1 (53.8444176187762,1.219780369165369E-004)
 (5.457920123925307E-002,0.000000000000000E+000)
 abs(soc_st_temp1)   53.8444176189144       5.457920123925307E-002
 number1:          21         137
 S:i->a:           6           7
 T:j->a:           5           7
 coeff  0.707106779803001      -0.704342219426661     
 ene   4.49900000000000        7.23100000000000     
 ene mo   4.49910000000000        8.02387000000000     
 pre_all -0.498045158658084       0.000000000000000E+000  0.000000000000000E+000
 -0.498045158658084      (2.453333363811396E-004,5.539458106839163E-010)
 (1.590457854751790E-007,0.000000000000000E+000)
 soc_moint  -108.111517388660      -2.449136108384867E-004
 -0.109586856449498                5           6
 sum_st_temp1 (53.8444343856760,1.215770318728473E-004)
 (3.490650920559147E-002,0.000000000000000E+000)
 sum_st_temp2 (-0.129065442804683,6.335395949944747E-007)
 (-1.803691862267302E-005,0.000000000000000E+000)
 s, t           1           3
 ##s, t           1           3
 soc_st_temp1 (4.983162806110871E-002,-1.149319616246080E-003)
 (-56.3776753378920,0.000000000000000E+000)
 abs(soc_st_temp1)  4.984488028675528E-002   56.3776753378920     
 number1:          21         157
 S:i->a:           6           7
 T:j->a:           4           7
 coeff  0.707106779803001       0.707106747724976     
 ene   4.49900000000000        8.70000000000000     
 ene mo   4.49910000000000        8.69957000000000     
 pre_all  0.499999975360781       0.000000000000000E+000  0.000000000000000E+000
  0.499999975360781      (2.270496426530631E-007,-5.236686382922885E-009)
 (-2.568756336961227E-004,0.000000000000000E+000)
 soc_moint  9.966325991017701E-002 -2.298639300904364E-003
  -112.755351051967                4           6
 sum_st_temp1 (3.330148244763802E-002,-1.149357063540305E-003)
 (-56.3776921054533,0.000000000000000E+000)
 sum_st_temp2 (1.739134901317460E-003,-8.539276837588905E-009)
 (1.270263360448968E-007,0.000000000000000E+000)
 s, t           1           4
 sum_st_temp1 (-1.179717077187130E-005,6.855109398693853E-005)
 (1.501077124053515E-004,0.000000000000000E+000)
 sum_st_temp2 (3.581975581977591E-008,1.173854500678745E-003)
 (-2.427496421217577E-008,0.000000000000000E+000)
 s, t           1           5
 ##s, t           1           5
 soc_st_temp1 (-5.219597823914556E-003,4.697603129095277E-004)
 (23.0942204101896,0.000000000000000E+000)
 abs(soc_st_temp1)  5.240694247425471E-003   23.0942204101896     
 number1:          21         197
 S:i->a:           6           7
 T:j->a:           2           7
 coeff  0.707106779803001       0.707106773452462     
 ene   4.49900000000000        12.7240000000000     
 ene mo   4.49910000000000        12.7242400000000     
 pre_all  0.499999993552860       0.000000000000000E+000  0.000000000000000E+000
  0.499999993552860      (-2.378224125858660E-008,2.140385836829099E-009)
 (1.052250284250875E-004,0.000000000000000E+000)
 soc_moint -1.043919548057823E-002  9.395206783941030E-004
   46.1884415451546                2           6
 sum_st_temp1 (-3.527658260284778E-003,4.697641461009961E-004)
 (23.0942221401468,0.000000000000000E+000)
 sum_st_temp2 (4.446713510075794E-003,-2.183349581023199E-008)
 (3.336927090578310E-007,0.000000000000000E+000)
sum_soc, <S1|Hso|T1,1,0,-1> (cm-1):         0.00107        0.00000        0.00076        0.00000        0.00000       -0.00000       -0.00076
sum_soc, <S1|Hso|T2,1,0,-1> (cm-1):        53.97351       38.16503        0.00009       -0.03492        0.00000      -38.16503       -0.00009
sum_soc, <S1|Hso|T3,1,0,-1> (cm-1):        56.37770        0.02232       -0.00081       56.37769        0.00000       -0.02232        0.00081
sum_soc, <S1|Hso|T4,1,0,-1> (cm-1):         0.00112       -0.00001       -0.00078       -0.00015        0.00000        0.00001        0.00078
sum_soc, <S1|Hso|T5,1,0,-1> (cm-1):        23.09422       -0.00564        0.00033      -23.09422        0.00000        0.00564       -0.00033
 s, t           2           1
 ##s, t           2           1
 soc_st_temp1 (4.983159555977511E-002,-1.149318866633400E-003)
 (-56.3776385670758,0.000000000000000E+000)
 abs(soc_st_temp1)  4.984484777677827E-002   56.3776385670758     
 number1:          37         117
 S:i->a:           4           7
 T:j->a:           6           7
 coeff  0.707106285866035      -0.707106780470663     
 ene   8.70000000000000        4.49900000000000     
 ene mo   8.69957000000000        4.49910000000000     
 pre_all -0.499999649249300       0.000000000000000E+000  0.000000000000000E+000
 -0.499999649249300      (2.270494944776728E-007,-5.236682967285362E-009)
 (-2.568754661476768E-004,0.000000000000000E+000)
 soc_moint -9.966325991017706E-002  2.298639300904365E-003
   112.755351051967                6           4
 sum_st_temp1 (-1.402578288402553E-002,-1.149463528454081E-003)
 (-56.3777033265057,0.000000000000000E+000)
 sum_st_temp2 (1.827518009468341E-003,-8.973785840248553E-009)
 (1.075208507916347E-007,0.000000000000000E+000)
 s, t           2           2
 ##s, t           2           2
 soc_st_temp1 (-2.195861668601283E-004,42.5569389849459)
 (-8.615028177825384E-004,0.000000000000000E+000)
 abs(soc_st_temp1)   42.5569389855124       8.615028177825384E-004
 number1:          37         137
 S:i->a:           4           7
 T:j->a:           5           7
 coeff  0.707106285866035      -0.704342219426661     
 ene   8.70000000000000        7.23100000000000     
 ene mo   8.69957000000000        8.02387000000000     
 pre_all -0.498044810757426       0.000000000000000E+000  0.000000000000000E+000
 -0.498044810757426      (-1.000508362913496E-009,1.939037111505663E-004)
 (-3.925277354463828E-009,0.000000000000000E+000)
 soc_moint  4.408964123040905E-004  -85.4480118713379     
  1.729769688047634E-003           5           4
 sum_st_temp1 (-2.195862183880834E-004,42.5569562037361)
 (-8.614994498121836E-004,0.000000000000000E+000)
 sum_st_temp2 (-9.825172518257899E-006,0.528556892917440)
 (-9.990582138582462E-006,0.000000000000000E+000)
 s, t           2           3
 sum_st_temp1 (-1.930082222812840E-007,3.740599343070530E-002)
 (-7.572293523387611E-007,0.000000000000000E+000)
 sum_st_temp2 (-2.162920482540687E-010,-9.632201732552719E-004)
 (1.886261809125652E-008,0.000000000000000E+000)
 s, t           2           4
 ##s, t           2           4
 soc_st_temp1 (3.458442754719723E-002,-5.315128382501942E-004)
 (-25.8911372052091,0.000000000000000E+000)
 abs(soc_st_temp1)  3.458851159943948E-002   25.8911372052091     
 number1:          37         177
 S:i->a:           4           7
 T:j->a:           3           7
 coeff  0.707106285866035      -0.707106779856028     
 ene   8.70000000000000        9.32100000000000     
 ene mo   8.69957000000000        9.32057000000000     
 pre_all -0.499999648814688       0.000000000000000E+000  0.000000000000000E+000
 -0.499999648814688      (1.575782735109585E-007,-2.421751097420564E-009)
 (-1.179687214086223E-004,0.000000000000000E+000)
 soc_moint -6.916890522515384E-002  1.063026419075182E-003
   51.7823121950305                3           4
 sum_st_temp1 (-1.484777524967083E-002,-5.317474927128680E-004)
 (-25.8911713686801,0.000000000000000E+000)
 sum_st_temp2 (1.801189950328968E-003,-8.844013578297236E-009)
 (1.296566859855546E-007,0.000000000000000E+000)
 s, t           2           5
 sum_st_temp1 (1.235006369875411E-008,-1.144500386875704E-002)
 (-9.332420778828466E-005,0.000000000000000E+000)
 sum_st_temp2 (2.385348072959685E-008,7.817059374852531E-004)
 (-1.616546326921037E-008,0.000000000000000E+000)
sum_soc, <S2|Hso|T1,1,0,-1> (cm-1):        56.37771       -0.01121       -0.00081       56.37770        0.00000        0.01121        0.00081
sum_soc, <S2|Hso|T2,1,0,-1> (cm-1):        42.02840       -0.00015       29.71857        0.00085        0.00000        0.00015      -29.71857
sum_soc, <S2|Hso|T3,1,0,-1> (cm-1):         0.03837       -0.00000        0.02713        0.00000        0.00000        0.00000       -0.02713
sum_soc, <S2|Hso|T4,1,0,-1> (cm-1):        25.89118       -0.01177       -0.00038       25.89117        0.00000        0.01177        0.00038
sum_soc, <S2|Hso|T5,1,0,-1> (cm-1):         0.01223       -0.00000       -0.00865        0.00009        0.00000        0.00000        0.00865
 s, t           3           1
 sum_st_temp1 (1.179717077053669E-005,-6.855110010335346E-005)
 (-1.501077123544466E-004,0.000000000000000E+000)
 sum_st_temp2 (3.645560831908998E-008,1.194692116709494E-003)
 (-2.470587995439169E-008,0.000000000000000E+000)
 s, t           3           2
 ##s, t           3           2
 soc_st_temp1 (41.6811375324200,1.978598212615207E-004)
 (2.878849101667507E-002,0.000000000000000E+000)
 abs(soc_st_temp1)   41.6811375328897       2.878849101667507E-002
 number1:          57         137
 S:i->a:           3           7
 T:j->a:           5           7
 coeff  0.707106779124634      -0.704342219426661     
 ene   9.32100000000000        7.23100000000000     
 ene mo   9.32057000000000        8.02387000000000     
 pre_all -0.498045158180282       0.000000000000000E+000  0.000000000000000E+000
 -0.498045158180282      (1.899133217458687E-004,9.006394994574477E-010)
 (8.853811326684191E-008,0.000000000000000E+000)
 soc_moint  -83.6894743881447      -3.972728547589036E-004
 -5.780297094442390E-002           5           3
 sum_st_temp1 (41.6811490204505,1.976682609448489E-004)
 (1.946942447815427E-002,0.000000000000000E+000)
 ##s, t           3           2
 soc_st_temp2 (2.28520325193209,-1.122094205938782E-005)
 (1.462744251093782E-004,0.000000000000000E+000)
 abs(soc_st_temp2)   2.28520325195964       1.462744251093782E-004
 number1:          57         131
 S:i->a:           3           7
 T:i->b:           3           9
 coeff  0.707106779124634      -4.248228326774752E-002
 ene   9.32100000000000        7.23100000000000     
 ene mo   9.32057000000000        21.8382000000000     
 pre_all -3.003951049131728E-002  0.000000000000000E+000  0.000000000000000E+000
 -3.003951049131728E-002 (1.041215403344483E-005,-5.112807213748813E-011)
 (5.857370720631790E-010,0.000000000000000E+000)
 soc_moint  -76.0732531438259       3.735394522051205E-004
 -4.869401042359065E-003           7           9
 sum_st_temp2 (2.28520305295619,-1.122067559571892E-005)
 (1.589240864845710E-004,0.000000000000000E+000)
 s, t           3           3
 ##s, t           3           3
 soc_st_temp1 (3.458445010085372E-002,-5.315131848674095E-004)
 (-25.8911540896815,0.000000000000000E+000)
 abs(soc_st_temp1)  3.458853415575931E-002   25.8911540896815     
 number1:          57         157
 S:i->a:           3           7
 T:j->a:           4           7
 coeff  0.707106779124634       0.707106747724976     
 ene   9.32100000000000        8.70000000000000     
 ene mo   9.32057000000000        8.69957000000000     
 pre_all  0.499999974881103       0.000000000000000E+000  0.000000000000000E+000
  0.499999974881103      (1.575783762208408E-007,-2.421752678275115E-009)
 (-1.179687984153271E-004,0.000000000000000E+000)
 soc_moint  6.916890522515386E-002 -1.063026419075182E-003
  -51.7823121950305                4           3
 sum_st_temp1 (2.178841096778113E-002,-5.315739272039877E-004)
 (-25.8911629132330,0.000000000000000E+000)
 sum_st_temp2 (-7.885350573831885E-004,3.871475565646726E-009)
 (-7.139923679063745E-008,0.000000000000000E+000)
 s, t           3           4
 sum_st_temp1 (-2.733515201422609E-022,3.402758753160819E-020)
 (3.298448184970130E-021,0.000000000000000E+000)
 sum_st_temp2 (-3.194913434709722E-008,-1.047009793557118E-003)
 (2.165185315019919E-008,0.000000000000000E+000)
 s, t           3           5
 ##s, t           3           5
 soc_st_temp1 (-3.254632035527011E-003,3.668685047011205E-004)
 (17.5932931655474,0.000000000000000E+000)
 abs(soc_st_temp1)  3.275243836177748E-003   17.5932931655474     
 number1:          57         197
 S:i->a:           3           7
 T:j->a:           2           7
 coeff  0.707106779124634       0.707106773452462     
 ene   9.32100000000000        12.7240000000000     
 ene mo   9.32057000000000        12.7242400000000     
 pre_all  0.499999993073183       0.000000000000000E+000  0.000000000000000E+000
  0.499999993073183      (-1.482919718964533E-008,1.671576185559129E-009)
 (8.016095549724162E-005,0.000000000000000E+000)
 soc_moint -6.509264112558826E-003  7.337370083566254E-004
   35.1865854635019                2           3
 sum_st_temp1 (-1.944896120885906E-003,3.668747214434154E-004)
 (17.5932940430313,0.000000000000000E+000)
 sum_st_temp2 (-3.808044974229073E-003,1.869708193240414E-008)
 (-3.112817460805558E-007,0.000000000000000E+000)
sum_soc, <S3|Hso|T1,1,0,-1> (cm-1):         0.00127        0.00001       -0.00089        0.00015        0.00000       -0.00001        0.00089
sum_soc, <S3|Hso|T2,1,0,-1> (cm-1):        39.39595       27.85714        0.00015       -0.01931        0.00000      -27.85714       -0.00015
sum_soc, <S3|Hso|T3,1,0,-1> (cm-1):        25.89117        0.01596       -0.00038       25.89116        0.00000       -0.01596        0.00038
sum_soc, <S3|Hso|T4,1,0,-1> (cm-1):         0.00105        0.00000        0.00074        0.00000        0.00000       -0.00000       -0.00074
sum_soc, <S3|Hso|T5,1,0,-1> (cm-1):        17.59329        0.00132        0.00026      -17.59329        0.00000       -0.00132       -0.00026
 s, t           4           1
 ##s, t           4           1
 soc_st_temp1 (-52.7772405935817,-1.195604760191884E-004)
 (-5.349746106651345E-002,0.000000000000000E+000)
 abs(soc_st_temp1)   52.7772405937171       5.349746106651345E-002
 number1:          89         117
 S:i->a:           5           7
 T:j->a:           6           7
 coeff  0.690382408868989      -0.707106780470663     
 ene   9.83800000000000        4.49900000000000     
 ene mo   8.02387000000000        4.49910000000000     
 pre_all -0.488174082428932       0.000000000000000E+000  0.000000000000000E+000
 -0.488174082428932      (-2.404711283498789E-004,-5.381229166801118E-010)
 (8.171237261190177E-008,0.000000000000000E+000)
 soc_moint   108.111517388660       2.449136108385225E-004
  0.109586856449498                6           5
 sum_st_temp1 (-52.7773033635097,-1.181058414189828E-004)
 (1.785844971030122E-002,0.000000000000000E+000)
 ##s, t           4           1
 soc_st_temp2 (6.68396581218172,-3.282000979213076E-005)
 (4.278364542851942E-004,0.000000000000000E+000)
 abs(soc_st_temp2)   6.68396581226230       4.278364542851942E-004
 number1:          95         117
 S:i->a:           6           9
 T:i->b:           6           7
 coeff -0.124255962004452      -0.707106780470663     
 ene   9.83800000000000        4.49900000000000     
 ene mo   17.0167300000000        4.49910000000000     
 pre_all  8.786223324725334E-002  0.000000000000000E+000  0.000000000000000E+000
  8.786223324725334E-002 (3.045439429594833E-005,-1.495374363052554E-010)
 (2.024382195693165E-009,0.000000000000000E+000)
 soc_moint   76.0732531438259      -3.735394522046717E-004
  4.869401042359065E-003           9           7
 sum_st_temp2 (6.68396572022136,-3.282117255761804E-005)
 (3.721647682437624E-004,0.000000000000000E+000)
 s, t           4           2
 sum_st_temp1 (3.316210265588828E-007,-3.934835663681166E-002)
 (-6.481676851138629E-007,0.000000000000000E+000)
 sum_st_temp2 (6.491840849916017E-008,2.412066550840341E-003)
 (-3.728548263292776E-008,0.000000000000000E+000)
 s, t           4           3
 ##s, t           4           3
 soc_st_temp1 (-2.152341882526814E-004,41.7135029401841)
 (-8.444286919992281E-004,0.000000000000000E+000)
 abs(soc_st_temp1)   41.7135029407394       8.444286919992281E-004
 number1:          89         157
 S:i->a:           5           7
 T:j->a:           4           7
 coeff  0.690382408868989       0.707106747724976     
 ene   9.83800000000000        8.70000000000000     
 ene mo   8.02387000000000        8.69957000000000     
 pre_all  0.488174059821886       0.000000000000000E+000  0.000000000000000E+000
  0.488174059821886      (-9.806797367134210E-010,1.900608101199210E-004)
 (-3.847489363935468E-009,0.000000000000000E+000)
 soc_moint -4.408964123040615E-004   85.4480118713379     
 -1.729769688047634E-003           4           5
 sum_st_temp1 (-2.152342868140350E-004,41.7135190888656)
 (-8.444261651071827E-004,0.000000000000000E+000)
 ##s, t           4           3
 soc_st_temp2 (-5.189970524937072E-007,-2.31126587804441)
 (4.526122560075416E-005,0.000000000000000E+000)
 abs(soc_st_temp2)   2.31126587804447       4.526122560075416E-005
 number1:          88         157
 S:i->a:           4          10
 T:i->b:           4           7
 coeff -5.321099519184388E-002  0.707106747724976     
 ene   9.83800000000000        8.70000000000000     
 ene mo   43.0681100000000        8.69957000000000     
 pre_all -3.762585375331407E-002  0.000000000000000E+000  0.000000000000000E+000
 -3.762585375331407E-002 (-9.613855960575309E-011,-1.360398016834246E-005)
 (2.697756601587289E-010,0.000000000000000E+000)
 soc_moint  1.379362916565760E-005   61.4275985173344     
 -1.202928854348817E-003          10           7
 sum_st_temp2 (-2.109998662277124E-005,-2.98572900648304)
 (5.920892326525220E-005,0.000000000000000E+000)
 s, t           4           4
 ##s, t           4           4
 soc_st_temp1 (-40.8550323551808,-1.939383106601212E-004)
 (-2.821791346333256E-002,0.000000000000000E+000)
 abs(soc_st_temp1)   40.8550323556411       2.821791346333256E-002
 number1:          89         177
 S:i->a:           5           7
 T:j->a:           3           7
 coeff  0.690382408868989      -0.707106779856028     
 ene   9.83800000000000        9.32100000000000     
 ene mo   8.02387000000000        9.32057000000000     
 pre_all -0.488174082004598       0.000000000000000E+000  0.000000000000000E+000
 -0.488174082004598      (-1.861494546019651E-004,-8.805513554014829E-010)
 (2.224422275609148E-008,0.000000000000000E+000)
 soc_moint   83.6894743881447       3.972728547588278E-004
  5.780297094442390E-002           3           5
 sum_st_temp1 (-40.8550756792953,-1.932601678978407E-004)
 (4.807838065465724E-003,0.000000000000000E+000)
 sum_st_temp2 (1.56020398094855,-7.659514131067166E-006)
 (1.715981040435743E-004,0.000000000000000E+000)
 s, t           4           5
 ##s, t           4           5
 soc_st_temp1 (-1.047576116298672E-007,-24.5374926741826)
 (4.959874827017525E-004,0.000000000000000E+000)
 abs(soc_st_temp1)   24.5374926741826       4.959874827017525E-004
 number1:          89         197
 S:i->a:           5           7
 T:j->a:           2           7
 coeff  0.690382408868989       0.707106773452462     
 ene   9.83800000000000        12.7240000000000     
 ene mo   8.02387000000000        12.7242400000000     
 pre_all  0.488174077583689       0.000000000000000E+000  0.000000000000000E+000
  0.488174077583689      (-4.775829601181091E-013,-1.118011664143717E-004)
 (2.260424894872198E-009,0.000000000000000E+000)
 soc_moint -2.145906817208706E-007  -50.2638181313008     
  1.016005362060123E-003           2           5
 sum_st_temp1 (-1.049684064007959E-007,-24.5375155168650)
 (4.961077405310154E-004,0.000000000000000E+000)
 sum_st_temp2 (-7.305908049163626E-006,0.408430893528058)
 (-7.730399462423782E-006,0.000000000000000E+000)
sum_soc, <S4|Hso|T1,1,0,-1> (cm-1):        59.46127      -42.04547       -0.00006       -0.01749        0.00000       42.04547        0.00006
sum_soc, <S4|Hso|T2,1,0,-1> (cm-1):         0.04176        0.00000       -0.02953        0.00000        0.00000       -0.00000        0.02953
sum_soc, <S4|Hso|T3,1,0,-1> (cm-1):        44.69925       -0.00014       31.60714        0.00090        0.00000        0.00014      -31.60714
sum_soc, <S4|Hso|T4,1,0,-1> (cm-1):        42.41528      -29.99213       -0.00013       -0.00464        0.00000       29.99213        0.00013
sum_soc, <S4|Hso|T5,1,0,-1> (cm-1):        24.94595        0.00001      -17.63945       -0.00050        0.00000       -0.00001       17.63945
 calculation of transition dipole
 k=           1
 matr_in diag  -3.13059285700000     
 matr_in off1   5.53904770200000        5.53904770200000     
 matr_in off2  -1.53939923400000       -1.53939923400000     
 k=           2
 matr_in diag  0.000000000000000E+000
 matr_in off1  0.000000000000000E+000  0.000000000000000E+000
 matr_in off2  0.000000000000000E+000  0.000000000000000E+000
 k=           3
 matr_in diag -6.886687000000000E-003
 matr_in off1  0.000000000000000E+000  0.000000000000000E+000
 matr_in off2  2.571240000000000E-004  2.571240000000000E-004
 aoint_temp_diag  -1.35765297576100     
 aoint_temp_symm -0.122501511472887      -0.122501511472887     
 aoint_temp_size          10         100
 dip_moint_diag   1.55429841277362       0.744019039192980     
 dip_moint_size          10         100
 dip_moint_symm -5.326063951574555E-006 -5.326063951677229E-006
 aoint_temp_diag  -1.77579210211203     
 aoint_temp_symm  0.000000000000000E+000  0.000000000000000E+000
 aoint_temp_size          10         100
 dip_moint_diag  2.851008209896200E-011  1.774729888037698E-006
 dip_moint_size          10         100
 dip_moint_symm  0.282313048927028       0.282313048927028     
 aoint_temp_diag  2.645612999603288E-004
 aoint_temp_symm  2.046127992029044E-005  2.046127992029044E-005
 aoint_temp_size          10         100
 dip_moint_diag  2.642669649476476E-005 -2.334816017497951E-004
 dip_moint_size          10         100
 dip_moint_symm -5.878446830515675E-006 -5.878446830515683E-006
 input%ene_s   4.49900000000000        8.70000000000000     
   9.32100000000000        9.83800000000000     
 input%ene_t   4.49900000000000        7.23100000000000     
   8.70000000000000        9.32100000000000        12.7240000000000     
 si           1
 dip_statint_temp_eg     -0.0000012      0.0009193      0.0000010
 si           2
 dip_statint_temp_eg      0.0013320     -0.0000017     -0.0846546
 si           3
 dip_statint_temp_eg     -0.0000023     -0.0006528     -0.0000019
 si           4
 dip_statint_temp_eg      3.0279116     -0.0000014      0.0020514
 multip:  singlet   
 ei,ej           1           2
 ene_temp   4.49900000000000        8.70000000000000     
 dip_statint_temp_ex      0.0000081     -0.7045829      0.0000152
 multip:  singlet   
 ei,ej           1           3
 ene_temp   4.49900000000000        9.32100000000000     
 dip_statint_temp_ex     -3.3943646      0.0000035     -0.0002662
 multip:  singlet   
 ei,ej           1           4
 ene_temp   4.49900000000000        9.83800000000000     
 dip_statint_temp_ex      0.0000011      0.0008132      0.0000002
 multip:  singlet   
 ei,ej           2           3
 ene_temp   8.70000000000000        9.32100000000000     
 dip_statint_temp_ex     -0.0000061      1.0100153     -0.0000214
 multip:  singlet   
 ei,ej           2           4
 ene_temp   8.70000000000000        9.83800000000000     
 dip_statint_temp_ex     -0.0021611      0.0000028      0.1525682
 multip:  singlet   
 ei,ej           3           4
 ene_temp   9.32100000000000        9.83800000000000     
 dip_statint_temp_ex      0.0000007     -0.0005887      0.0000008
 multip:  triplet   
 ei,ej           1           2
 ene_temp   4.49900000000000        7.23100000000000     
 dip_statint_temp_ex      0.0000009     -0.0001363     -0.0000001
 multip:  triplet   
 ei,ej           1           3
 ene_temp   4.49900000000000        8.70000000000000     
 dip_statint_temp_ex     -0.0000081      0.7045832     -0.0000152
 multip:  triplet   
 ei,ej           1           4
 ene_temp   4.49900000000000        9.32100000000000     
 dip_statint_temp_ex     -3.3943652      0.0000035     -0.0001724
 multip:  triplet   
 ei,ej           1           5
 ene_temp   4.49900000000000        12.7240000000000     
 dip_statint_temp_ex     -0.0000094      1.9261240     -0.0000406
 multip:  triplet   
 ei,ej           2           3
 ene_temp   7.23100000000000        8.70000000000000     
 dip_statint_temp_ex      0.0005242     -0.0000048     -0.2492801
 multip:  triplet   
 ei,ej           2           4
 ene_temp   7.23100000000000        9.32100000000000     
 dip_statint_temp_ex      0.0000006      0.0002255      0.0000010
 multip:  triplet   
 ei,ej           2           5
 ene_temp   7.23100000000000        12.7240000000000     
 dip_statint_temp_ex     -0.0017954     -0.0000093     -0.4797842
 multip:  triplet   
 ei,ej           3           4
 ene_temp   8.70000000000000        9.32100000000000     
 dip_statint_temp_ex      0.0000061     -1.0100153      0.0000214
 multip:  triplet   
 ei,ej           3           5
 ene_temp   8.70000000000000        12.7240000000000     
 dip_statint_temp_ex      3.5557000     -0.0000008      0.0002893
 multip:  triplet   
 ei,ej           4           5
 ene_temp   9.32100000000000        12.7240000000000     
 dip_statint_temp_ex     -0.0000106     -1.8330017      0.0000393
