    ----------------------------------------------
    -                                            -
    -               PROGRAM MolSOC               -
    -                Version 0.1                 -
    -          AUTHOR: Sandro G. Chiodo          -
    -                                            -
    ----------------------------------------------


 *** 16 Sep 2013 - 16:16:14 ***

 *** SPIN-ORBIT CALCULATIONS ***

 GEOMETRY IN BOHR
 RESTRICTED MOs
 COEFFICIENTS OF SPHERICAL MOs
 ONE AND TWO-ELECTRON SOC CALCULATIONS

 MOLECULAR CHARGE                 =     1
 MULTIPLICITY OF THE FIRST STATE  =     6
 MULTIPLICITY OF THE SECOND STATE =     6
 NUMBER OF ELECTRONS              =    25


 GEOMETRY IN ANGSTROM

 ATOM          X           Y           Z      Z_A   Z_eff

  FE       0.000000    0.000000    0.000000  26.0  26.000

 GEOMETRY IN BOHR

 ATOM          X           Y           Z      Z_A   Z_eff

  FE       0.000000    0.000000    0.000000  26.0  26.000


 NUMBER OF ATOMS                  =      1
 NUMBER OF SHELLS                 =     10
 NUMBER OF GTFs                   =     29
 NUMBER OF STOs                   =     26


 BASIS SET

 FE
     1    0    6    1
         61430.227000000         0.001755900
          9222.176000000         0.013416900
          2097.596900000         0.066695400
           591.490400000         0.228205100
           191.860620000         0.469449900
            65.826328000         0.363556900
     1    0    3    1
           128.740740000        -0.104916800
            14.718133000         0.617961900
             5.950754300         0.456009300
     1    0    3    1
            10.859879000         0.218491700
             1.719447100        -0.711331000
             0.666453200        -0.418694700
     1    0    2    1
             0.975476100        -0.144105400
             0.123114300         0.595813400
     1    0    1    1
             0.044879500         1.000000000
     1    1    5    3
           780.620300000        -0.009121700
           184.006220000        -0.068004000
            58.084467000        -0.259768100
            20.759795000        -0.506013800
             7.593451500        -0.341908200
     1    1    3    3
             4.027917300        -0.327296200
             1.526470000        -0.548150000
             0.557370200        -0.250662900
     1    1    1    3
             0.121000000         1.000000000
     1    2    4    6
            23.929316000        -0.063492100
             6.399901300        -0.278391300
             1.931741700        -0.493819500
             0.511527900        -0.486269400
     1    2    1    6
             0.090000000         1.000000000


 ONE-ELECTRON SOC INTEGRALS CALCULATED IN    0.000000 SEC.


 *** BEFORE SVD (BIORTHOGONALIZATION) ***

 NUMBER OF ELECTRONS =        10.000000007
 NUMBER OF ELECTRONS =        15.000000005
 NUMBER OF ELECTRONS =        10.000000007
 NUMBER OF ELECTRONS =        15.000000008

 ORTSVDLAP: DGESVD SUCCESSFULL EXIT:    0

 BIORTHOGONALIZATION PERFORMED IN    0.000000 SEC.

 ORTSVDLAP: DGESVD SUCCESSFULL EXIT:    0

 BIORTHOGONALIZATION PERFORMED IN    0.000000 SEC.


 *** AFTER SVD (BIORTHOGONALIZATION)  ***

 NUMBER OF ELECTRONS =        10.000000007
 NUMBER OF ELECTRONS =        15.000000005
 NUMBER OF ELECTRONS =        10.000000007
 NUMBER OF ELECTRONS =        15.000000008

 SPIN DISCOINCIDENCE    =  0
 ORBITAL DISCOINCIDENCE =  1
 COUPLING DETERMINANTS  =  BETA BETA  

 TWO-ELECTRON SOC INTEGRALS CALCULATED IN   13.108819 SEC.

 FIRST STATE:

  ALPHA HOMO NO. =   10
  BETA HOMO NO.  =   15

 SECOND STATE:

  ALPHA HOMO NO. =   10
  BETA HOMO NO.  =   15


 ******************************
 *** MATRIX ELEMENTS (CM-1) ***
 ******************************

  (I-STATE) (II-STATE)            1-el                    2-el                   TOTAL
      MS        MS            R           I           R           I           R           I
 ----------------------------------------------------------------------------------------------
 
     2.50      2.50         0.0000      0.0000      0.0000      0.0000      0.0000      0.0000
     1.50      1.50         0.0000      0.0000      0.0000      0.0000      0.0000      0.0000
     0.50      0.50         0.0000      0.0000      0.0000      0.0000      0.0000      0.0000
    -0.50     -0.50         0.0000      0.0000     -0.0000      0.0000     -0.0000      0.0000
    -1.50     -1.50         0.0000      0.0000     -0.0000      0.0000     -0.0000      0.0000
    -2.50     -2.50         0.0000      0.0000     -0.0000      0.0000     -0.0000      0.0000
 
     2.50      1.50         0.0000    158.0586     -0.0000    -65.8445     -0.0000     92.2141
     1.50      2.50         0.0000   -158.0586     -0.0000     65.8445     -0.0000    -92.2141
     1.50      0.50         0.0000    199.9300     -0.0000    -83.2874     -0.0000    116.6426
     0.50      1.50         0.0000   -199.9300     -0.0000     83.2874     -0.0000   -116.6426
     0.50     -0.50         0.0000    212.0578     -0.0000    -88.3396     -0.0000    123.7182
    -0.50      0.50         0.0000   -212.0578     -0.0000     88.3396     -0.0000   -123.7182
    -0.50     -1.50         0.0000    199.9300     -0.0000    -83.2874     -0.0000    116.6426
    -1.50     -0.50         0.0000   -199.9300     -0.0000     83.2874     -0.0000   -116.6426
    -1.50     -2.50         0.0000    158.0586     -0.0000    -65.8445     -0.0000     92.2141
    -2.50     -1.50         0.0000   -158.0586     -0.0000     65.8445     -0.0000    -92.2141

 THE TOTAL CPU TIME IS:   13.116819 SEC.

 *** 16 Sep 2013 - 16:16:27 ***
