    ----------------------------------------------
    -                                            -
    -               PROGRAM MolSOC               -
    -                Version 0.1                 -
    -          AUTHOR: Sandro G. Chiodo          -
    -                                            -
    ----------------------------------------------


 *** 16 Sep 2013 - 16:20:15 ***

 *** SPIN-ORBIT CALCULATIONS ***

 GEOMETRY IN BOHR
 RESTRICTED MOs
 COEFFICIENTS OF SPHERICAL MOs
 ONE-ELECTRON SOC CALCULATIONS WITH Z_eff
 DIPOLE, QUADRUPOLE, AND OCTUPOLE MOMENT COMPONENTS

 MOLECULAR CHARGE                 =     1
 MULTIPLICITY OF THE FIRST STATE  =     1
 MULTIPLICITY OF THE SECOND STATE =     3
 NUMBER OF ELECTRONS              =    14


 GEOMETRY IN ANGSTROM

 ATOM          X           Y           Z      Z_A   Z_eff

  N        0.000000    0.000000   -0.508010   7.0   3.953
  O        0.000000    0.000000    0.444509   8.0   5.018

 GEOMETRY IN BOHR

 ATOM          X           Y           Z      Z_A   Z_eff

  N        0.000000    0.000000   -0.960000   7.0   3.953
  O        0.000000    0.000000    0.840000   8.0   5.018


 NUMBER OF ATOMS                  =      2
 NUMBER OF SHELLS                 =     12
 NUMBER OF GTFs                   =     30
 NUMBER OF STOs                   =     30


 BASIS SET

 N 
     1    0    6    1
          3845.414900000         0.002018600
           577.533230000         0.015407800
           131.319830000         0.075371400
            36.823781000         0.248212200
            11.670115000         0.479827400
             3.854260400         0.331801200
     1    0    2    1
             7.829561100        -0.077666900
             0.687735100         0.565459800
     1    0    1    1
             0.204038800         1.000000000
     1    1    4    3
            26.809841000         0.015466300
             6.068154000         0.096439700
             1.767625600         0.308361000
             0.546672700         0.491159700
     1    1    1    3
             0.158728900         1.000000000
     1    2    1    6
             0.700000000         1.000000000
 O 
     2    0    6    1
          5222.902200000        -0.001936400
           782.539940000        -0.014850700
           177.267430000        -0.073318700
            49.516688000        -0.245116200
            15.666440000        -0.480284700
             5.179359900        -0.335942700
     2    0    2    1
            10.601441000         0.078805800
             0.942317000        -0.567695200
     2    0    1    1
             0.277474600         1.000000000
     2    1    4    3
            33.424126000         0.017560300
             7.622171400         0.107630000
             2.238209300         0.323525600
             0.686730000         0.483222900
     2    1    1    3
             0.193813500         1.000000000
     2    2    1    6
             0.800000000         1.000000000


 ONE-ELECTRON SOC INTEGRALS CALCULATED IN    0.004000 SEC.


 *** BEFORE SVD (BIORTHOGONALIZATION) ***

 NUMBER OF ELECTRONS =         7.000000002
 NUMBER OF ELECTRONS =         7.000000002
 NUMBER OF ELECTRONS =         7.999999998
 NUMBER OF ELECTRONS =         6.000000000

 MOMENTS IN DEBYES OF THE I STATE:
 ---------------------------------------------
           NUCLEAR     ELECTRONIC      TOTAL

 DIPOLE
 X        0.000000      0.000000      0.000000
 Y        0.000000      0.000000      0.000000
 Z        0.000000     -0.132795     -0.132795
 QUADRUPOLE
 XX       0.000000     -7.535769     -7.535769
 XY       0.000000      0.000000      0.000000
 XZ       0.000000      0.000000      0.000000
 YY       0.000000     -7.535769     -7.535769
 YZ       0.000000      0.000000      0.000000
 ZZ      16.269545    -23.707073     -7.437528
 OCTUPOLE
 XXX      0.000000      0.000000      0.000000
 XXY      0.000000      0.000000      0.000000
 XXZ      0.000000      0.281845      0.281845
 XYY      0.000000      0.000000      0.000000
 XYZ      0.000000      0.000000      0.000000
 XZZ      0.000000      0.000000      0.000000
 YYY      0.000000      0.000000      0.000000
 YYZ      0.000000      0.281845      0.281845
 YZZ      0.000000      0.000000      0.000000
 ZZZ     -1.033137      2.446808      1.413671

 MOMENTS IN DEBYES OF THE II STATE:
 ---------------------------------------------
           NUCLEAR     ELECTRONIC      TOTAL

 DIPOLE
 X        0.000000      0.000000      0.000000
 Y        0.000000      0.000000      0.000000
 Z        0.000000     -1.616370     -1.616370
 QUADRUPOLE
 XX       0.000000     -7.343123     -7.343123
 XY       0.000000      0.000000      0.000000
 XZ       0.000000      0.000000      0.000000
 YY       0.000000     -8.470065     -8.470065
 YZ       0.000000      0.000000      0.000000
 ZZ      16.269545    -22.628674     -6.359129
 OCTUPOLE
 XXX      0.000000      0.000000      0.000000
 XXY      0.000000      0.000000      0.000000
 XXZ      0.000000     -0.016744     -0.016744
 XYY      0.000000      0.000000      0.000000
 XYZ      0.000000      0.000000      0.000000
 XZZ      0.000000      0.000000      0.000000
 YYY      0.000000      0.000000      0.000000
 YYZ      0.000000      0.348455      0.348455
 YZZ      0.000000      0.000000      0.000000
 ZZZ     -1.033137      0.267900     -0.765237

 ORTSVDLAP: DGESVD SUCCESSFULL EXIT:    0

 BIORTHOGONALIZATION PERFORMED IN    0.000000 SEC.

 ORTSVDLAP: DGESVD SUCCESSFULL EXIT:    0

 BIORTHOGONALIZATION PERFORMED IN    0.000000 SEC.


 *** AFTER SVD (BIORTHOGONALIZATION)  ***

 NUMBER OF ELECTRONS =         7.000000002
 NUMBER OF ELECTRONS =         7.000000002
 NUMBER OF ELECTRONS =         7.999999998
 NUMBER OF ELECTRONS =         6.000000000

 MOMENTS IN DEBYES OF THE I STATE:
 ---------------------------------------------
           NUCLEAR     ELECTRONIC      TOTAL

 DIPOLE
 X        0.000000      0.000000      0.000000
 Y        0.000000      0.000000      0.000000
 Z        0.000000     -0.132795     -0.132795
 QUADRUPOLE
 XX       0.000000     -7.535769     -7.535769
 XY       0.000000      0.000000      0.000000
 XZ       0.000000      0.000000      0.000000
 YY       0.000000     -7.535769     -7.535769
 YZ       0.000000      0.000000      0.000000
 ZZ      16.269545    -23.707073     -7.437528
 OCTUPOLE
 XXX      0.000000      0.000000      0.000000
 XXY      0.000000      0.000000      0.000000
 XXZ      0.000000      0.281845      0.281845
 XYY      0.000000      0.000000      0.000000
 XYZ      0.000000      0.000000      0.000000
 XZZ      0.000000      0.000000      0.000000
 YYY      0.000000      0.000000      0.000000
 YYZ      0.000000      0.281845      0.281845
 YZZ      0.000000      0.000000      0.000000
 ZZZ     -1.033137      2.446808      1.413671

 MOMENTS IN DEBYES OF THE II STATE:
 ---------------------------------------------
           NUCLEAR     ELECTRONIC      TOTAL

 DIPOLE
 X        0.000000      0.000000      0.000000
 Y        0.000000      0.000000      0.000000
 Z        0.000000     -1.616370     -1.616370
 QUADRUPOLE
 XX       0.000000     -7.343123     -7.343123
 XY       0.000000      0.000000      0.000000
 XZ       0.000000      0.000000      0.000000
 YY       0.000000     -8.470065     -8.470065
 YZ       0.000000      0.000000      0.000000
 ZZ      16.269545    -22.628674     -6.359129
 OCTUPOLE
 XXX      0.000000      0.000000      0.000000
 XXY      0.000000      0.000000      0.000000
 XXZ      0.000000     -0.016744     -0.016744
 XYY      0.000000      0.000000      0.000000
 XYZ      0.000000      0.000000      0.000000
 XZZ      0.000000      0.000000      0.000000
 YYY      0.000000      0.000000      0.000000
 YYZ      0.000000      0.348455      0.348455
 YZZ      0.000000      0.000000      0.000000
 ZZZ     -1.033137      0.267900     -0.765237

 SPIN DISCOINCIDENCE    =  1
 ORBITAL DISCOINCIDENCE =  0
 COUPLING DETERMINANTS  =  BETA ALPHA 

 FIRST STATE:

  ALPHA HOMO NO. =    7
  BETA HOMO NO.  =    7

 SECOND STATE:

  ALPHA HOMO NO. =    8
  BETA HOMO NO.  =    6


 ******************************
 *** MATRIX ELEMENTS (CM-1) ***
 ******************************

  (I-STATE) (II-STATE)            1-el                    2-el                   TOTAL
      MS        MS            R           I           R           I           R           I
 ----------------------------------------------------------------------------------------------
 
     0.00      0.00         0.0000      0.0000      0.0000      0.0000      0.0000      0.0000
 
     0.00      1.00       -47.3011      0.0000      0.0000      0.0000    -47.3011      0.0000
     0.00     -1.00        47.3011      0.0000      0.0000      0.0000     47.3011      0.0000

 THE TOTAL CPU TIME IS:    0.020001 SEC.

 *** 16 Sep 2013 - 16:20:15 ***
