    ----------------------------------------------
    -                                            -
    -               PROGRAM MolSOC               -
    -                Version 0.1                 -
    -          AUTHOR: Sandro G. Chiodo          -
    -                                            -
    ----------------------------------------------


 *** 16 Sep 2013 - 16:26:20 ***

 *** SPIN-ORBIT CALCULATIONS ***

 GEOMETRY IN BOHR
 RESTRICTED MOs
 COEFFICIENTS OF SPHERICAL MOs
 ONE-ELECTRON SOC CALCULATIONS WITH Z_eff
 DIPOLE, QUADRUPOLE, AND OCTUPOLE MOMENT COMPONENTS

 MOLECULAR CHARGE                 =     0
 MULTIPLICITY OF THE FIRST STATE  =     2
 MULTIPLICITY OF THE SECOND STATE =     2
 NUMBER OF ELECTRONS              =    67


 GEOMETRY IN ANGSTROM

 ATOM          X           Y           Z      Z_A   Z_eff

  SN       0.000000    0.000000    0.599060  50.0  46.480
  CL       0.000000    0.000000   -1.761940  17.0  13.976

 GEOMETRY IN BOHR

 ATOM          X           Y           Z      Z_A   Z_eff

  SN       0.000000    0.000000    1.132059  50.0  46.480
  CL       0.000000    0.000000   -3.329585  17.0  13.976


 NUMBER OF ATOMS                  =      2
 NUMBER OF SHELLS                 =     22
 NUMBER OF GTFs                   =     62
 NUMBER OF STOs                   =     58


 BASIS SET

 SN
     1    0    6    1
        245047.360000000        -0.001616200
         36750.026000000        -0.012371100
          8342.773500000        -0.062133900
          2347.472300000        -0.216397700
           762.836200000        -0.462974900
           262.737930000        -0.384447800
     1    0    3    1
           498.732830000        -0.113605200
            60.950458000         0.632718200
            26.305610000         0.441608600
     1    0    3    1
            48.303913000        -0.265535900
             8.667143700         0.830889700
             3.956469200         0.317672400
     1    0    3    1
             7.768144600        -0.327576500
             1.752683600         0.793946800
             0.770296100         0.404934100
     1    0    2    1
             1.200515500        -0.214842000
             0.194702600         0.702611400
     1    0    1    1
             0.074274100         1.000000000
     1    1    5    3
          3581.696900000        -0.007365900
           846.744340000        -0.056709700
           270.732080000        -0.236337500
            98.218372000        -0.506028400
            37.496067000        -0.362604600
     1    1    3    3
           146.343380000         0.024818400
            17.909963000        -0.496192600
             6.916413200        -0.574425600
     1    1    3    3
             3.080601300         0.419303800
             1.311968400         0.528903900
             0.558685900         0.139170100
     1    1    2    3
             0.300903700        -0.299925000
             0.115427300        -0.561515500
     1    1    1    3
             0.043403300         1.000000000
     1    2    5    6
           354.240330000        -0.013298200
           104.710750000        -0.094327000
            38.606721000        -0.311078200
            15.371790000        -0.499583900
             6.092183300        -0.306913800
     1    2    3    6
             4.847198800        -0.266455800
             1.728756300        -0.558161400
             0.565428300        -0.376159100
     1    2    1    6
             0.154000000         1.000000000
 CL
     2    0    6    1
         26351.458000000         0.001732400
          3945.056700000         0.013310900
           892.438350000         0.066674800
           249.417430000         0.230050600
            79.721572000         0.474230700
            26.831145000         0.359524000
     2    0    3    1
            52.785301000        -0.095629600
             5.615642900         0.588084000
             2.105907600         0.486698200
     2    0    2    1
             3.558614900         0.180689100
             0.484798100        -0.688482900
     2    0    1    1
             0.173331000         1.000000000
     2    1    5    3
           271.078210000        -0.010925700
            63.547208000        -0.077590900
            19.737109000        -0.277515900
             6.788993700        -0.503193300
             2.348030300        -0.334842600
     2    1    2    3
             1.106686400        -0.276538100
             0.382968000        -0.546676800
     2    1    1    3
             0.125113300         1.000000000
     2    2    1    6
             0.750000000         1.000000000


 ONE-ELECTRON SOC INTEGRALS CALCULATED IN    0.020001 SEC.


 *** BEFORE SVD (BIORTHOGONALIZATION) ***

 NUMBER OF ELECTRONS =        33.999999999
 NUMBER OF ELECTRONS =        33.000000000
 NUMBER OF ELECTRONS =        34.000000003
 NUMBER OF ELECTRONS =        33.000000002

 MOMENTS IN DEBYES OF THE I STATE:
 ---------------------------------------------
           NUCLEAR     ELECTRONIC      TOTAL

 DIPOLE
 X        0.000000      0.000000      0.000000
 Y        0.000000      0.000000      0.000000
 Z       -0.000001      2.492271      2.492270
 QUADRUPOLE
 XX       0.000000    -41.817280    -41.817280
 XY       0.000000      0.000000      0.000000
 XZ       0.000000      0.000000      0.000000
 YY       0.000000    -36.138437    -36.138437
 YZ       0.000000      0.000000      0.000000
 ZZ     339.678034   -381.740096    -42.062062
 OCTUPOLE
 XXX      0.000000      0.000000      0.000000
 XXY      0.000000      0.000000      0.000000
 XXZ      0.000000      5.651590      5.651590
 XYY      0.000000      0.000000      0.000000
 XYZ      0.000000      0.000000      0.000000
 XZZ      0.000000      0.000000      0.000000
 YYY      0.000000      0.000000      0.000000
 YYZ      0.000000      9.431351      9.431351
 YZZ      0.000000      0.000000      0.000000
 ZZZ   -395.005033    423.038462     28.033429

 MOMENTS IN DEBYES OF THE II STATE:
 ---------------------------------------------
           NUCLEAR     ELECTRONIC      TOTAL

 DIPOLE
 X        0.000000      0.000000      0.000000
 Y        0.000000      0.000000      0.000000
 Z       -0.000001      2.492271      2.492270
 QUADRUPOLE
 XX       0.000000    -36.138437    -36.138437
 XY       0.000000      0.000000      0.000000
 XZ       0.000000      0.000000      0.000000
 YY       0.000000    -41.817281    -41.817281
 YZ       0.000000      0.000000      0.000000
 ZZ     339.678034   -381.740096    -42.062062
 OCTUPOLE
 XXX      0.000000      0.000000      0.000000
 XXY      0.000000      0.000000      0.000000
 XXZ      0.000000      9.431351      9.431351
 XYY      0.000000      0.000000      0.000000
 XYZ      0.000000      0.000000      0.000000
 XZZ      0.000000      0.000000      0.000000
 YYY      0.000000      0.000000      0.000000
 YYZ      0.000000      5.651589      5.651589
 YZZ      0.000000      0.000000      0.000000
 ZZZ   -395.005033    423.038461     28.033428

 ORTSVDLAP: DGESVD SUCCESSFULL EXIT:    0

 BIORTHOGONALIZATION PERFORMED IN    0.000000 SEC.

 ORTSVDLAP: DGESVD SUCCESSFULL EXIT:    0

 BIORTHOGONALIZATION PERFORMED IN    0.000000 SEC.


 *** AFTER SVD (BIORTHOGONALIZATION)  ***

 NUMBER OF ELECTRONS =        33.999999999
 NUMBER OF ELECTRONS =        33.000000000
 NUMBER OF ELECTRONS =        34.000000003
 NUMBER OF ELECTRONS =        33.000000002

 MOMENTS IN DEBYES OF THE I STATE:
 ---------------------------------------------
           NUCLEAR     ELECTRONIC      TOTAL

 DIPOLE
 X        0.000000      0.000000      0.000000
 Y        0.000000      0.000000      0.000000
 Z       -0.000001      2.492271      2.492270
 QUADRUPOLE
 XX       0.000000    -41.817280    -41.817280
 XY       0.000000     -0.000000     -0.000000
 XZ       0.000000      0.000000      0.000000
 YY       0.000000    -36.138437    -36.138437
 YZ       0.000000      0.000000      0.000000
 ZZ     339.678034   -381.740096    -42.062062
 OCTUPOLE
 XXX      0.000000     -0.000000     -0.000000
 XXY      0.000000     -0.000000     -0.000000
 XXZ      0.000000      5.651590      5.651590
 XYY      0.000000     -0.000000     -0.000000
 XYZ      0.000000      0.000000      0.000000
 XZZ      0.000000     -0.000000     -0.000000
 YYY      0.000000     -0.000000     -0.000000
 YYZ      0.000000      9.431351      9.431351
 YZZ      0.000000      0.000000      0.000000
 ZZZ   -395.005033    423.038462     28.033429

 MOMENTS IN DEBYES OF THE II STATE:
 ---------------------------------------------
           NUCLEAR     ELECTRONIC      TOTAL

 DIPOLE
 X        0.000000     -0.000000     -0.000000
 Y        0.000000     -0.000000     -0.000000
 Z       -0.000001      2.492271      2.492270
 QUADRUPOLE
 XX       0.000000    -36.138437    -36.138437
 XY       0.000000      0.000000      0.000000
 XZ       0.000000     -0.000000     -0.000000
 YY       0.000000    -41.817281    -41.817281
 YZ       0.000000     -0.000000     -0.000000
 ZZ     339.678034   -381.740096    -42.062062
 OCTUPOLE
 XXX      0.000000     -0.000000     -0.000000
 XXY      0.000000     -0.000000     -0.000000
 XXZ      0.000000      9.431351      9.431351
 XYY      0.000000     -0.000000     -0.000000
 XYZ      0.000000     -0.000000     -0.000000
 XZZ      0.000000     -0.000000     -0.000000
 YYY      0.000000     -0.000000     -0.000000
 YYZ      0.000000      5.651589      5.651589
 YZZ      0.000000     -0.000000     -0.000000
 ZZZ   -395.005033    423.038461     28.033428

 SPIN DISCOINCIDENCE    =  0
 ORBITAL DISCOINCIDENCE =  1
 COUPLING DETERMINANTS  =  ALPHA ALPHA

 FIRST STATE:

  ALPHA HOMO NO. =   34
  BETA HOMO NO.  =   33

 SECOND STATE:

  ALPHA HOMO NO. =   34
  BETA HOMO NO.  =   33


 ******************************
 *** MATRIX ELEMENTS (CM-1) ***
 ******************************

  (I-STATE) (II-STATE)            1-el                    2-el                   TOTAL
      MS        MS            R           I           R           I           R           I
 ----------------------------------------------------------------------------------------------
 
     0.50      0.50     -1129.9330      0.0000      0.0000      0.0000  -1129.9330      0.0000
    -0.50     -0.50      1129.9330      0.0000      0.0000      0.0000   1129.9330      0.0000
 
     0.50     -0.50        -0.0000      0.0000      0.0000      0.0000     -0.0000      0.0000
    -0.50      0.50        -0.0000     -0.0000      0.0000      0.0000     -0.0000     -0.0000

 THE TOTAL CPU TIME IS:    0.104006 SEC.

 *** 16 Sep 2013 - 16:26:20 ***
