    ----------------------------------------------
    -                                            -
    -               PROGRAM MolSOC               -
    -                Version 0.1                 -
    -          AUTHOR: Sandro G. Chiodo          -
    -                                            -
    ----------------------------------------------


 *** 16 Sep 2013 - 16:18:31 ***

 *** SPIN-ORBIT CALCULATIONS ***

 GEOMETRY IN BOHR
 RESTRICTED MOs
 COEFFICIENTS OF SPHERICAL MOs
 ONE-ELECTRON SOC CALCULATIONS WITH Z_eff

 MOLECULAR CHARGE                 =     1
 MULTIPLICITY OF THE FIRST STATE  =     2
 MULTIPLICITY OF THE SECOND STATE =     2
 NUMBER OF ELECTRONS              =     9


 GEOMETRY IN ANGSTROM

 ATOM          X           Y           Z      Z_A   Z_eff

  O        0.000000    0.000000    0.119739   8.0   5.018
  H        0.000000    0.598696   -0.478957   1.0   1.000
  H       -0.000000   -0.598696   -0.478957   1.0   1.000

 GEOMETRY IN BOHR

 ATOM          X           Y           Z      Z_A   Z_eff

  O        0.000000    0.000000    0.226274   8.0   5.018
  H        0.000000    1.131371   -0.905097   1.0   1.000
  H       -0.000000   -1.131371   -0.905097   1.0   1.000


 NUMBER OF ATOMS                  =      3
 NUMBER OF SHELLS                 =     14
 NUMBER OF GTFs                   =     27
 NUMBER OF STOs                   =     27


 BASIS SET

 O 
     1    0    6    1
          5222.902200000        -0.001936400
           782.539940000        -0.014850700
           177.267430000        -0.073318700
            49.516688000        -0.245116200
            15.666440000        -0.480284700
             5.179359900        -0.335942700
     1    0    2    1
            10.601441000         0.078805800
             0.942317000        -0.567695200
     1    0    1    1
             0.277474600         1.000000000
     1    1    4    3
            33.424126000         0.017560300
             7.622171400         0.107630000
             2.238209300         0.323525600
             0.686730000         0.483222900
     1    1    1    3
             0.193813500         1.000000000
     1    2    1    6
             0.800000000         1.000000000
 H 
     2    0    3    1
            50.999178000         0.009660500
             7.483218100         0.073728900
             1.777467600         0.295858100
     2    0    1    1
             0.519329500         1.000000000
     2    0    1    1
             0.154110000         1.000000000
     2    1    1    3
             0.750000000         1.000000000
 H 
     3    0    3    1
            50.999178000         0.009660500
             7.483218100         0.073728900
             1.777467600         0.295858100
     3    0    1    1
             0.519329500         1.000000000
     3    0    1    1
             0.154110000         1.000000000
     3    1    1    3
             0.750000000         1.000000000


 ONE-ELECTRON SOC INTEGRALS CALCULATED IN    0.000000 SEC.


 *** BEFORE SVD (BIORTHOGONALIZATION) ***

 NUMBER OF ELECTRONS =         4.000000000
 NUMBER OF ELECTRONS =         5.000000001
 NUMBER OF ELECTRONS =         4.000000002
 NUMBER OF ELECTRONS =         5.000000004

 ORTSVDLAP: DGESVD SUCCESSFULL EXIT:    0

 BIORTHOGONALIZATION PERFORMED IN    0.000000 SEC.

 ORTSVDLAP: DGESVD SUCCESSFULL EXIT:    0

 BIORTHOGONALIZATION PERFORMED IN    0.000000 SEC.


 *** AFTER SVD (BIORTHOGONALIZATION)  ***

 NUMBER OF ELECTRONS =         4.000000000
 NUMBER OF ELECTRONS =         5.000000001
 NUMBER OF ELECTRONS =         4.000000002
 NUMBER OF ELECTRONS =         5.000000004

 SPIN DISCOINCIDENCE    =  0
 ORBITAL DISCOINCIDENCE =  1
 COUPLING DETERMINANTS  =  BETA BETA  

 FIRST STATE:

  ALPHA HOMO NO. =    4
  BETA HOMO NO.  =    5

 SECOND STATE:

  ALPHA HOMO NO. =    4
  BETA HOMO NO.  =    5


 ******************************
 *** MATRIX ELEMENTS (CM-1) ***
 ******************************

  (I-STATE) (II-STATE)            1-el                    2-el                   TOTAL
      MS        MS            R           I           R           I           R           I
 ----------------------------------------------------------------------------------------------
 
     0.50      0.50         0.0000      0.0000      0.0000      0.0000      0.0000      0.0000
    -0.50     -0.50        -0.0000      0.0000      0.0000      0.0000     -0.0000      0.0000
 
     0.50     -0.50        -0.0000    -66.7442      0.0000      0.0000     -0.0000    -66.7442
    -0.50      0.50        -0.0000     66.7442      0.0000      0.0000     -0.0000     66.7442

 THE TOTAL CPU TIME IS:    0.012000 SEC.

 *** 16 Sep 2013 - 16:18:31 ***
